#
# A fatal error has been detected by the Java Runtime Environment:
#
#  EXCEPTION_ACCESS_VIOLATION (0xc0000005) at pc=0x746511f9, pid=3484, tid=3276
#
# JRE version: Java(TM) SE Runtime Environment (7.0_45-b18) (build 1.7.0_45-b18)
# Java VM: Java HotSpot(TM) Client VM (24.45-b08 mixed mode, sharing windows-x86 )
# Problematic frame:
# V  [jvm.dll+0xc11f9]
#
# Failed to write core dump. Minidumps are not enabled by default on client versions of Windows
#
# If you would like to submit a bug report, please visit:
#   http://bugreport.sun.com/bugreport/crash.jsp
#

---------------  T H R E A D  ---------------

Current thread (0x04a62800):  JavaThread "AWT-EventQueue-0" [_thread_in_vm, id=3276, stack(0x04f90000,0x04fe0000)]

siginfo: ExceptionCode=0xc0000005, reading address 0x00000000

Registers:
EAX=0x00000000, EBX=0x04a62800, ECX=0x00000000, EDX=0x00000000
ESP=0x04fded74, EBP=0x04fded88, ESI=0xffffffff, EDI=0x748a4b88
EIP=0x746511f9, EFLAGS=0x00010246

Top of Stack: (sp=0x04fded74)
0x04fded74:   05048640 04a62800 00000000 d6c8b3f8
0x04fded84:   fffffffe 04fdedd8 6b0c2121 04a62930
0x04fded94:   00000000 00000000 242f4e28 04fdeda0
0x04fdeda4:   34545113 04fdedcc 3454f5c0 00000000
0x04fdedb4:   00000000 00000000 00000000 04fdedf0
0x04fdedc4:   025a3207 00000000 3452f248 3452f240
0x04fdedd4:   04a62800 04fdee18 025ab065 04a62930
0x04fdede4:   04fdee2c 00000000 04fdedf0 04a62805 

Instructions: (pc=0x746511f9)
0x746511d9:   f4 ff 83 c4 08 83 7b 04 00 89 5d f0 c7 45 f4 00
0x746511e9:   00 00 00 74 08 8d 4d f0 e8 ba ab 0c 00 8b 45 0c
0x746511f9:   8b 00 56 57 50 89 45 0c e8 0a 4a f7 ff 83 c4 04
0x74651209:   80 3d 30 01 8d 74 00 8d 70 01 74 0c 6a 00 e8 04 


Register to memory mapping:

EAX=0x00000000 is an unknown value
EBX=0x04a62800 is a thread
ECX=0x00000000 is an unknown value
EDX=0x00000000 is an unknown value
ESP=0x04fded74 is pointing into the stack for thread: 0x04a62800
EBP=0x04fded88 is pointing into the stack for thread: 0x04a62800
ESI=0xffffffff is an unknown value
EDI=0x748a4b88 is an unknown value


Stack: [0x04f90000,0x04fe0000],  sp=0x04fded74,  free space=315k
Native frames: (J=compiled Java code, j=interpreted, Vv=VM code, C=native code)
V  [jvm.dll+0xc11f9]
C  [sqlitejdbc.dll+0x2121]
j  org.sqlite.NativeDB.prepare(Ljava/lang/String;)J+0
j  org.sqlite.DB.prepare(Lorg/sqlite/RS;)V+21
j  org.sqlite.Stmt.executeQuery(Ljava/lang/String;)Ljava/sql/ResultSet;+18
j  subbvasalud.models.Conexion.consultar(Ljava/lang/String;)Ljava/sql/ResultSet;+11
j  subbvasalud.models.Socio.getSociosById(I)Lsubbvasalud/models/Socio;+23
j  subbvasalud.controllers.MainMenuController.mostrarCargas(Ljavax/swing/table/DefaultTableModel;)V+79
j  subbvasalud.views.MainMenu.<init>()V+105
j  subbvasalud.views.MainMenu$20.run()V+4
j  java.awt.event.InvocationEvent.dispatch()V+47
j  java.awt.EventQueue.dispatchEventImpl(Ljava/awt/AWTEvent;Ljava/lang/Object;)V+21
j  java.awt.EventQueue.access$200(Ljava/awt/EventQueue;Ljava/awt/AWTEvent;Ljava/lang/Object;)V+3
j  java.awt.EventQueue$3.run()Ljava/lang/Void;+12
j  java.awt.EventQueue$3.run()Ljava/lang/Object;+1
v  ~StubRoutines::call_stub
V  [jvm.dll+0x13f1fa]
V  [jvm.dll+0x202aee]
V  [jvm.dll+0x13f27d]
V  [jvm.dll+0xfa85a]
C  [java.dll+0x102f]
j  java.security.ProtectionDomain$1.doIntersectionPrivilege(Ljava/security/PrivilegedAction;Ljava/security/AccessControlContext;Ljava/security/AccessControlContext;)Ljava/lang/Object;+28
j  java.awt.EventQueue.dispatchEvent(Ljava/awt/AWTEvent;)V+46
j  java.awt.EventDispatchThread.pumpOneEventForFilters(I)V+245
j  java.awt.EventDispatchThread.pumpEventsForFilter(ILjava/awt/Conditional;Ljava/awt/EventFilter;)V+35
j  java.awt.EventDispatchThread.pumpEventsForHierarchy(ILjava/awt/Conditional;Ljava/awt/Component;)V+11
j  java.awt.EventDispatchThread.pumpEvents(ILjava/awt/Conditional;)V+4
j  java.awt.EventDispatchThread.pumpEvents(Ljava/awt/Conditional;)V+3
j  java.awt.EventDispatchThread.run()V+9
v  ~StubRoutines::call_stub
V  [jvm.dll+0x13f1fa]
V  [jvm.dll+0x202aee]
V  [jvm.dll+0x13f3c5]
V  [jvm.dll+0x13f427]
V  [jvm.dll+0xeb81f]
V  [jvm.dll+0x16042c]
V  [jvm.dll+0x160e67]
V  [jvm.dll+0x1a49f9]
C  [msvcr100.dll+0x5c556]
C  [msvcr100.dll+0x5c600]
C  [kernel32.dll+0x133ca]
C  [ntdll.dll+0x39ed2]
C  [ntdll.dll+0x39ea5]

Java frames: (J=compiled Java code, j=interpreted, Vv=VM code)
j  org.sqlite.NativeDB.prepare(Ljava/lang/String;)J+0
j  org.sqlite.DB.prepare(Lorg/sqlite/RS;)V+21
j  org.sqlite.Stmt.executeQuery(Ljava/lang/String;)Ljava/sql/ResultSet;+18
j  subbvasalud.models.Conexion.consultar(Ljava/lang/String;)Ljava/sql/ResultSet;+11
j  subbvasalud.models.Socio.getSociosById(I)Lsubbvasalud/models/Socio;+23
j  subbvasalud.controllers.MainMenuController.mostrarCargas(Ljavax/swing/table/DefaultTableModel;)V+79
j  subbvasalud.views.MainMenu.<init>()V+105
j  subbvasalud.views.MainMenu$20.run()V+4
j  java.awt.event.InvocationEvent.dispatch()V+47
j  java.awt.EventQueue.dispatchEventImpl(Ljava/awt/AWTEvent;Ljava/lang/Object;)V+21
j  java.awt.EventQueue.access$200(Ljava/awt/EventQueue;Ljava/awt/AWTEvent;Ljava/lang/Object;)V+3
j  java.awt.EventQueue$3.run()Ljava/lang/Void;+12
j  java.awt.EventQueue$3.run()Ljava/lang/Object;+1
v  ~StubRoutines::call_stub
j  java.security.AccessController.doPrivileged(Ljava/security/PrivilegedAction;Ljava/security/AccessControlContext;)Ljava/lang/Object;+0
j  java.security.ProtectionDomain$1.doIntersectionPrivilege(Ljava/security/PrivilegedAction;Ljava/security/AccessControlContext;Ljava/security/AccessControlContext;)Ljava/lang/Object;+28
j  java.awt.EventQueue.dispatchEvent(Ljava/awt/AWTEvent;)V+46
j  java.awt.EventDispatchThread.pumpOneEventForFilters(I)V+245
j  java.awt.EventDispatchThread.pumpEventsForFilter(ILjava/awt/Conditional;Ljava/awt/EventFilter;)V+35
j  java.awt.EventDispatchThread.pumpEventsForHierarchy(ILjava/awt/Conditional;Ljava/awt/Component;)V+11
j  java.awt.EventDispatchThread.pumpEvents(ILjava/awt/Conditional;)V+4
j  java.awt.EventDispatchThread.pumpEvents(Ljava/awt/Conditional;)V+3
j  java.awt.EventDispatchThread.run()V+9
v  ~StubRoutines::call_stub

---------------  P R O C E S S  ---------------

Java Threads: ( => current thread )
  0x076c3800 JavaThread "TimerQueue" daemon [_thread_blocked, id=3732, stack(0x06780000,0x067d0000)]
  0x04ae8400 JavaThread "Swing-Shell" daemon [_thread_blocked, id=3176, stack(0x06290000,0x062e0000)]
  0x0092bc00 JavaThread "DestroyJavaVM" [_thread_blocked, id=1444, stack(0x00e90000,0x00ee0000)]
=>0x04a62800 JavaThread "AWT-EventQueue-0" [_thread_in_vm, id=3276, stack(0x04f90000,0x04fe0000)]
  0x04a54000 JavaThread "AWT-Windows" daemon [_thread_in_native, id=3928, stack(0x04cf0000,0x04d40000)]
  0x04a53400 JavaThread "AWT-Shutdown" [_thread_blocked, id=1292, stack(0x04eb0000,0x04f00000)]
  0x04a50800 JavaThread "Java2D Disposer" daemon [_thread_blocked, id=2376, stack(0x04d50000,0x04da0000)]
  0x00d80000 JavaThread "Service Thread" daemon [_thread_blocked, id=3292, stack(0x047c0000,0x04810000)]
  0x00d64400 JavaThread "C1 CompilerThread0" daemon [_thread_blocked, id=3212, stack(0x048c0000,0x04910000)]
  0x00d63000 JavaThread "Attach Listener" daemon [_thread_blocked, id=4020, stack(0x046c0000,0x04710000)]
  0x00d60000 JavaThread "Signal Dispatcher" daemon [_thread_blocked, id=2516, stack(0x04710000,0x04760000)]
  0x00cf5c00 JavaThread "Finalizer" daemon [_thread_blocked, id=3128, stack(0x00ff0000,0x01040000)]
  0x00cf0c00 JavaThread "Reference Handler" daemon [_thread_blocked, id=3972, stack(0x045b0000,0x04600000)]

Other Threads:
  0x00cef400 VMThread [stack: 0x01040000,0x01090000] [id=1764]
  0x00d93000 WatcherThread [stack: 0x04870000,0x048c0000] [id=3272]

VM state:not at safepoint (normal execution)

VM Mutex/Monitor currently owned by a thread: None

Heap
 def new generation   total 4928K, used 1102K [0x24270000, 0x247c0000, 0x297c0000)
  eden space 4416K,  13% used [0x24270000, 0x24303920, 0x246c0000)
  from space 512K, 100% used [0x24740000, 0x247c0000, 0x247c0000)
  to   space 512K,   0% used [0x246c0000, 0x246c0000, 0x24740000)
 tenured generation   total 10944K, used 1060K [0x297c0000, 0x2a270000, 0x34270000)
   the space 10944K,   9% used [0x297c0000, 0x298c93a0, 0x298c9400, 0x2a270000)
 compacting perm gen  total 12288K, used 2946K [0x34270000, 0x34e70000, 0x38270000)
   the space 12288K,  23% used [0x34270000, 0x34550a20, 0x34550c00, 0x34e70000)
    ro space 10240K,  44% used [0x38270000, 0x386e7808, 0x386e7a00, 0x38c70000)
    rw space 12288K,  52% used [0x38c70000, 0x392be610, 0x392be800, 0x39870000)

Card table byte_map: [0x00ee0000,0x00f90000] byte_map_base: 0x00dbec80

Polling page: 0x001e0000

Code Cache  [0x025a0000, 0x02690000, 0x045a0000)
 total_blobs=472 nmethods=234 adapters=175 free_code_cache=31834Kb largest_free_block=32598528

Compilation events (10 events):
Event: 5.095 Thread 0x00d64400  230             sun.security.provider.MD5::II (31 bytes)
Event: 5.095 Thread 0x00d64400 nmethod 230 0x02686148 code [0x02686240, 0x026862e0]
Event: 5.096 Thread 0x00d64400  231 % !         org.xerial.db.sql.sqlite.SQLiteJDBCLoader::md5sum @ 25 (73 bytes)
Event: 5.096 Thread 0x00d64400 nmethod 231% 0x02686348 code [0x026864f0, 0x02686928]
Event: 5.109 Thread 0x00d64400  232             sun.security.provider.MD5::implCompress (1508 bytes)
Event: 5.112 Thread 0x00d64400 nmethod 232 0x02686e48 code [0x02686f80, 0x02687d4c]
Event: 5.112 Thread 0x00d64400  233             sun.security.provider.ByteArrayAccess::b2iLittle64 (586 bytes)
Event: 5.112 Thread 0x00d64400 nmethod 233 0x02688288 code [0x026883a0, 0x026886b0]
Event: 5.140 Thread 0x00d64400  234   !         org.xerial.db.sql.sqlite.SQLiteJDBCLoader::md5sum (73 bytes)
Event: 5.141 Thread 0x00d64400 nmethod 234 0x02688908 code [0x02688ab0, 0x02688ff4]

GC Heap History (2 events):
Event: 4.970 GC heap before
{Heap before GC invocations=0 (full 0):
 def new generation   total 4928K, used 4416K [0x24270000, 0x247c0000, 0x297c0000)
  eden space 4416K, 100% used [0x24270000, 0x246c0000, 0x246c0000)
  from space 512K,   0% used [0x246c0000, 0x246c0000, 0x24740000)
  to   space 512K,   0% used [0x24740000, 0x24740000, 0x247c0000)
 tenured generation   total 10944K, used 0K [0x297c0000, 0x2a270000, 0x34270000)
   the space 10944K,   0% used [0x297c0000, 0x297c0000, 0x297c0200, 0x2a270000)
 compacting perm gen  total 12288K, used 2703K [0x34270000, 0x34e70000, 0x38270000)
   the space 12288K,  21% used [0x34270000, 0x34513cf8, 0x34513e00, 0x34e70000)
    ro space 10240K,  44% used [0x38270000, 0x386e7808, 0x386e7a00, 0x38c70000)
    rw space 12288K,  52% used [0x38c70000, 0x392be610, 0x392be800, 0x39870000)
Event: 5.067 GC heap after
Heap after GC invocations=1 (full 0):
 def new generation   total 4928K, used 512K [0x24270000, 0x247c0000, 0x297c0000)
  eden space 4416K,   0% used [0x24270000, 0x24270000, 0x246c0000)
  from space 512K, 100% used [0x24740000, 0x247c0000, 0x247c0000)
  to   space 512K,   0% used [0x246c0000, 0x246c0000, 0x24740000)
 tenured generation   total 10944K, used 1060K [0x297c0000, 0x2a270000, 0x34270000)
   the space 10944K,   9% used [0x297c0000, 0x298c93a0, 0x298c9400, 0x2a270000)
 compacting perm gen  total 12288K, used 2703K [0x34270000, 0x34e70000, 0x38270000)
   the space 12288K,  21% used [0x34270000, 0x34513cf8, 0x34513e00, 0x34e70000)
    ro space 10240K,  44% used [0x38270000, 0x386e7808, 0x386e7a00, 0x38c70000)
    rw space 12288K,  52% used [0x38c70000, 0x392be610, 0x392be800, 0x39870000)
}

Deoptimization events (0 events):
No events

Internal exceptions (10 events):
Event: 5.077 Thread 0x04a62800 Threw 0x2428b3e8 at C:\re\jdk7u45\229\hotspot\src\share\vm\prims\jvm.cpp:1244
Event: 5.077 Thread 0x04a62800 Threw 0x2428e2b0 at C:\re\jdk7u45\229\hotspot\src\share\vm\prims\jvm.cpp:1244
Event: 5.078 Thread 0x04a62800 Threw 0x242944c0 at C:\re\jdk7u45\229\hotspot\src\share\vm\prims\jvm.cpp:1244
Event: 5.080 Thread 0x04a62800 Threw 0x24299438 at C:\re\jdk7u45\229\hotspot\src\share\vm\prims\jvm.cpp:1244
Event: 5.081 Thread 0x04a62800 Threw 0x2429fe80 at C:\re\jdk7u45\229\hotspot\src\share\vm\prims\jvm.cpp:1244
Event: 5.168 Thread 0x04a62800 Threw 0x242cd208 at C:\re\jdk7u45\229\hotspot\src\share\vm\prims\jvm.cpp:1244
Event: 5.169 Thread 0x04a62800 Threw 0x242cfc88 at C:\re\jdk7u45\229\hotspot\src\share\vm\prims\jvm.cpp:1244
Event: 5.169 Thread 0x04a62800 Threw 0x242d40e8 at C:\re\jdk7u45\229\hotspot\src\share\vm\prims\jvm.cpp:1244
Event: 5.171 Thread 0x04a62800 Threw 0x242dfcc8 at C:\re\jdk7u45\229\hotspot\src\share\vm\prims\jvm.cpp:1244
Event: 5.178 Thread 0x04a62800 Threw 0x242ed320 at C:\re\jdk7u45\229\hotspot\src\share\vm\prims\jvm.cpp:1244

Events (10 events):
Event: 5.170 loading class 0x04adef50
Event: 5.170 loading class 0x04adef50 done
Event: 5.171 loading class 0x076fb2b8
Event: 5.171 loading class 0x076fb2b8 done
Event: 5.171 loading class 0x076f18e0
Event: 5.171 loading class 0x076f18e0 done
Event: 5.178 loading class 0x00d9f688
Event: 5.178 loading class 0x00d9f688 done
Event: 5.179 loading class 0x39898dd0
Event: 5.179 loading class 0x39898dd0 done


Dynamic libraries:
0x01170000 - 0x0119f000 	C:\Program Files (x86)\Java\jdk1.7.0_45\bin\java.exe
0x77c70000 - 0x77df0000 	C:\Windows\SysWOW64\ntdll.dll
0x76660000 - 0x76770000 	C:\Windows\syswow64\kernel32.dll
0x77820000 - 0x77866000 	C:\Windows\syswow64\KERNELBASE.dll
0x776a0000 - 0x77740000 	C:\Windows\syswow64\ADVAPI32.dll
0x763a0000 - 0x7644c000 	C:\Windows\syswow64\msvcrt.dll
0x760f0000 - 0x76109000 	C:\Windows\SysWOW64\sechost.dll
0x75c70000 - 0x75d60000 	C:\Windows\syswow64\RPCRT4.dll
0x757d0000 - 0x75830000 	C:\Windows\syswow64\SspiCli.dll
0x757c0000 - 0x757cc000 	C:\Windows\syswow64\CRYPTBASE.dll
0x76780000 - 0x76880000 	C:\Windows\syswow64\USER32.dll
0x77740000 - 0x777d0000 	C:\Windows\syswow64\GDI32.dll
0x75940000 - 0x7594a000 	C:\Windows\syswow64\LPK.dll
0x76110000 - 0x761ad000 	C:\Windows\syswow64\USP10.dll
0x74ab0000 - 0x74c4e000 	C:\Windows\WinSxS\x86_microsoft.windows.common-controls_6595b64144ccf1df_6.0.7601.17514_none_41e6975e2bd6f2b2\COMCTL32.dll
0x75950000 - 0x759a7000 	C:\Windows\syswow64\SHLWAPI.dll
0x76080000 - 0x760e0000 	C:\Windows\system32\IMM32.DLL
0x76240000 - 0x7630c000 	C:\Windows\syswow64\MSCTF.dll
0x750d0000 - 0x7518f000 	C:\Program Files (x86)\Java\jdk1.7.0_45\jre\bin\msvcr100.dll
0x74590000 - 0x74910000 	C:\Program Files (x86)\Java\jdk1.7.0_45\jre\bin\client\jvm.dll
0x751d0000 - 0x751d7000 	C:\Windows\system32\WSOCK32.dll
0x765f0000 - 0x76625000 	C:\Windows\syswow64\WS2_32.dll
0x76450000 - 0x76456000 	C:\Windows\syswow64\NSI.dll
0x75190000 - 0x751c2000 	C:\Windows\system32\WINMM.dll
0x77c40000 - 0x77c45000 	C:\Windows\syswow64\PSAPI.DLL
0x751e0000 - 0x751ec000 	C:\Program Files (x86)\Java\jdk1.7.0_45\jre\bin\verify.dll
0x75070000 - 0x75090000 	C:\Program Files (x86)\Java\jdk1.7.0_45\jre\bin\java.dll
0x75050000 - 0x75063000 	C:\Program Files (x86)\Java\jdk1.7.0_45\jre\bin\zip.dll
0x74e10000 - 0x74f53000 	C:\Program Files (x86)\Java\jdk1.7.0_45\jre\bin\awt.dll
0x77610000 - 0x7769f000 	C:\Windows\syswow64\OLEAUT32.dll
0x76460000 - 0x765bc000 	C:\Windows\syswow64\ole32.dll
0x769c0000 - 0x7760a000 	C:\Windows\syswow64\SHELL32.dll
0x74c50000 - 0x74c63000 	C:\Windows\system32\DWMAPI.DLL
0x74a70000 - 0x74aa8000 	C:\Program Files (x86)\Java\jdk1.7.0_45\jre\bin\fontmanager.dll
0x71080000 - 0x71243000 	C:\Windows\system32\d3d9.dll
0x74210000 - 0x74219000 	C:\Windows\system32\VERSION.dll
0x72760000 - 0x72766000 	C:\Windows\system32\d3d8thk.dll
0x72720000 - 0x7275a000 	C:\Windows\system32\vm3dum.dll
0x74450000 - 0x744d4000 	C:\Windows\WinSxS\x86_microsoft.windows.common-controls_6595b64144ccf1df_5.82.7601.17514_none_ec83dffa859149af\comctl32.dll
0x75030000 - 0x75044000 	C:\Program Files (x86)\Java\jdk1.7.0_45\jre\bin\net.dll
0x74ff0000 - 0x7502c000 	C:\Windows\system32\mswsock.dll
0x74fe0000 - 0x74fe6000 	C:\Windows\System32\wship6.dll
0x74fd0000 - 0x74fdf000 	C:\Program Files (x86)\Java\jdk1.7.0_45\jre\bin\nio.dll
0x74a40000 - 0x74a70000 	C:\Program Files (x86)\Java\jdk1.7.0_45\jre\bin\t2k.dll
0x759d0000 - 0x75b6d000 	C:\Windows\syswow64\SETUPAPI.dll
0x76310000 - 0x76337000 	C:\Windows\syswow64\CFGMGR32.dll
0x759b0000 - 0x759c2000 	C:\Windows\syswow64\DEVOBJ.dll
0x758b0000 - 0x75933000 	C:\Windows\syswow64\CLBCatQ.DLL
0x73d90000 - 0x73e85000 	C:\Windows\system32\propsys.dll
0x73510000 - 0x73531000 	C:\Windows\system32\ntmarta.dll
0x777d0000 - 0x77815000 	C:\Windows\syswow64\WLDAP32.dll
0x74400000 - 0x7444c000 	C:\Windows\system32\apphelp.dll
0x721a0000 - 0x72338000 	C:\Windows\system32\NetworkExplorer.dll
0x734b0000 - 0x734de000 	C:\Windows\System32\shdocvw.dll
0x74d80000 - 0x74d8b000 	C:\Windows\system32\profapi.dll
0x743e0000 - 0x743ea000 	C:\Windows\system32\slc.dll
0x740d0000 - 0x740e2000 	C:\Windows\system32\MPR.dll
0x743c0000 - 0x743ce000 	C:\Windows\System32\vmhgfs.dll
0x734f0000 - 0x734f8000 	C:\Windows\System32\drprov.dll
0x73480000 - 0x734a9000 	C:\Windows\System32\WINSTA.dll
0x73460000 - 0x73474000 	C:\Windows\System32\ntlanman.dll
0x73440000 - 0x73457000 	C:\Windows\System32\davclnt.dll
0x73500000 - 0x73508000 	C:\Windows\System32\DAVHLPR.dll
0x734e0000 - 0x734ef000 	C:\Windows\system32\wkscli.dll
0x743f0000 - 0x743fb000 	C:\Windows\system32\cscapi.dll
0x73430000 - 0x73439000 	C:\Windows\system32\netutils.dll
0x70d50000 - 0x70f88000 	C:\Windows\system32\wpdshext.dll
0x72350000 - 0x724e0000 	C:\Windows\WinSxS\x86_microsoft.windows.gdiplus_6595b64144ccf1df_1.1.7601.17514_none_72d18a4386696c80\gdiplus.dll
0x733a0000 - 0x73429000 	C:\Windows\system32\PortableDeviceApi.dll
0x76630000 - 0x7665d000 	C:\Windows\syswow64\WINTRUST.dll
0x75f60000 - 0x7607d000 	C:\Windows\syswow64\CRYPT32.dll
0x760e0000 - 0x760ec000 	C:\Windows\syswow64\MSASN1.dll
0x72120000 - 0x7215f000 	C:\Windows\system32\audiodev.dll
0x71eb0000 - 0x72117000 	C:\Windows\system32\WMVCore.DLL
0x72160000 - 0x7219d000 	C:\Windows\system32\WMASF.DLL
0x74380000 - 0x743b1000 	C:\Windows\system32\EhStorShell.dll
0x71e80000 - 0x71ea2000 	C:\Windows\system32\EhStorAPI.dll
0x73390000 - 0x73399000 	C:\Windows\system32\LINKINFO.dll
0x73e90000 - 0x73f8b000 	C:\Windows\system32\WindowsCodecs.dll
0x73d20000 - 0x73d90000 	C:\Windows\system32\ntshrui.dll
0x74a00000 - 0x74a19000 	C:\Windows\system32\srvcli.dll
0x6b0c0000 - 0x6b15f000 	C:\Users\damage\AppData\Local\Temp\sqlitejdbc.dll
0x725d0000 - 0x726bb000 	C:\Windows\system32\dbghelp.dll

VM Arguments:
jvm_args: -Dfile.encoding=UTF-8 
java_command: subbvasalud.views.NewMain
Launcher Type: SUN_STANDARD

Environment Variables:
PATH=C:\Windows\system32;C:\Windows;C:\Windows\System32\Wbem;C:\Windows\System32\WindowsPowerShell\v1.0\;C:\Ruby200-x64\bin
USERNAME=damage
OS=Windows_NT
PROCESSOR_IDENTIFIER=Intel64 Family 6 Model 58 Stepping 9, GenuineIntel



---------------  S Y S T E M  ---------------

OS: Windows 7 , 64 bit Build 7601 Service Pack 1

CPU:total 2 (1 cores per cpu, 1 threads per core) family 6 model 58 stepping 9, cmov, cx8, fxsr, mmx, sse, sse2, sse3, ssse3, sse4.1, sse4.2, popcnt, avx, aes, erms, tsc, tscinvbit, tscinv

Memory: 4k page, physical 4193784k(2877584k free), swap 8385724k(7039136k free)

vm_info: Java HotSpot(TM) Client VM (24.45-b08) for windows-x86 JRE (1.7.0_45-b18), built on Oct  8 2013 06:02:43 by "java_re" with unknown MS VC++:1600

time: Sun Dec 22 13:05:56 2013
elapsed time: 5 seconds

