#
# A fatal error has been detected by the Java Runtime Environment:
#
#  EXCEPTION_ACCESS_VIOLATION (0xc0000005) at pc=0x746511f9, pid=2380, tid=2244
#
# JRE version: Java(TM) SE Runtime Environment (7.0_45-b18) (build 1.7.0_45-b18)
# Java VM: Java HotSpot(TM) Client VM (24.45-b08 mixed mode, sharing windows-x86 )
# Problematic frame:
# V  [jvm.dll+0xc11f9]
#
# Failed to write core dump. Minidumps are not enabled by default on client versions of Windows
#
# If you would like to submit a bug report, please visit:
#   http://bugreport.sun.com/bugreport/crash.jsp
#

---------------  T H R E A D  ---------------

Current thread (0x04ac8c00):  JavaThread "AWT-EventQueue-0" [_thread_in_vm, id=2244, stack(0x05010000,0x05060000)]

siginfo: ExceptionCode=0xc0000005, reading address 0x00000000

Registers:
EAX=0x00000000, EBX=0x04ac8c00, ECX=0x00000000, EDX=0x00000000
ESP=0x0505ef34, EBP=0x0505ef48, ESI=0xffffffff, EDI=0x748a4b88
EIP=0x746511f9, EFLAGS=0x00010246

Top of Stack: (sp=0x0505ef34)
0x0505ef34:   050ce908 04ac8c00 00000000 0f2218e6
0x0505ef44:   fffffffe 0505ef98 6b0c2121 04ac8d30
0x0505ef54:   00000000 00000000 242f4a80 0505ef60
0x0505ef64:   34545103 0505ef8c 3454f5b0 00000000
0x0505ef74:   00000000 00000000 00000000 0505efb0
0x0505ef84:   02213207 00000000 3452f238 3452f230
0x0505ef94:   04ac8c00 0505efd8 0221b065 04ac8d30
0x0505efa4:   0505efec 00000000 0505efb0 04ac8c05 

Instructions: (pc=0x746511f9)
0x746511d9:   f4 ff 83 c4 08 83 7b 04 00 89 5d f0 c7 45 f4 00
0x746511e9:   00 00 00 74 08 8d 4d f0 e8 ba ab 0c 00 8b 45 0c
0x746511f9:   8b 00 56 57 50 89 45 0c e8 0a 4a f7 ff 83 c4 04
0x74651209:   80 3d 30 01 8d 74 00 8d 70 01 74 0c 6a 00 e8 04 


Register to memory mapping:

EAX=0x00000000 is an unknown value
EBX=0x04ac8c00 is a thread
ECX=0x00000000 is an unknown value
EDX=0x00000000 is an unknown value
ESP=0x0505ef34 is pointing into the stack for thread: 0x04ac8c00
EBP=0x0505ef48 is pointing into the stack for thread: 0x04ac8c00
ESI=0xffffffff is an unknown value
EDI=0x748a4b88 is an unknown value


Stack: [0x05010000,0x05060000],  sp=0x0505ef34,  free space=315k
Native frames: (J=compiled Java code, j=interpreted, Vv=VM code, C=native code)
V  [jvm.dll+0xc11f9]
C  [sqlitejdbc.dll+0x2121]
j  org.sqlite.NativeDB.prepare(Ljava/lang/String;)J+0
j  org.sqlite.DB.prepare(Lorg/sqlite/RS;)V+21
j  org.sqlite.Stmt.executeQuery(Ljava/lang/String;)Ljava/sql/ResultSet;+18
j  subbvasalud.models.Conexion.consultar(Ljava/lang/String;)Ljava/sql/ResultSet;+11
j  subbvasalud.models.Socio.getSociosById(I)Lsubbvasalud/models/Socio;+23
j  subbvasalud.controllers.MainMenuController.mostrarCargas(Ljavax/swing/table/DefaultTableModel;)V+79
j  subbvasalud.views.MainMenu.<init>()V+105
j  subbvasalud.views.MainMenu$20.run()V+4
j  java.awt.event.InvocationEvent.dispatch()V+47
j  java.awt.EventQueue.dispatchEventImpl(Ljava/awt/AWTEvent;Ljava/lang/Object;)V+21
j  java.awt.EventQueue.access$200(Ljava/awt/EventQueue;Ljava/awt/AWTEvent;Ljava/lang/Object;)V+3
j  java.awt.EventQueue$3.run()Ljava/lang/Void;+12
j  java.awt.EventQueue$3.run()Ljava/lang/Object;+1
v  ~StubRoutines::call_stub
V  [jvm.dll+0x13f1fa]
V  [jvm.dll+0x202aee]
V  [jvm.dll+0x13f27d]
V  [jvm.dll+0xfa85a]
C  [java.dll+0x102f]
j  java.security.ProtectionDomain$1.doIntersectionPrivilege(Ljava/security/PrivilegedAction;Ljava/security/AccessControlContext;Ljava/security/AccessControlContext;)Ljava/lang/Object;+28
j  java.awt.EventQueue.dispatchEvent(Ljava/awt/AWTEvent;)V+46
j  java.awt.EventDispatchThread.pumpOneEventForFilters(I)V+245
j  java.awt.EventDispatchThread.pumpEventsForFilter(ILjava/awt/Conditional;Ljava/awt/EventFilter;)V+35
j  java.awt.EventDispatchThread.pumpEventsForHierarchy(ILjava/awt/Conditional;Ljava/awt/Component;)V+11
j  java.awt.EventDispatchThread.pumpEvents(ILjava/awt/Conditional;)V+4
j  java.awt.EventDispatchThread.pumpEvents(Ljava/awt/Conditional;)V+3
j  java.awt.EventDispatchThread.run()V+9
v  ~StubRoutines::call_stub
V  [jvm.dll+0x13f1fa]
V  [jvm.dll+0x202aee]
V  [jvm.dll+0x13f3c5]
V  [jvm.dll+0x13f427]
V  [jvm.dll+0xeb81f]
V  [jvm.dll+0x16042c]
V  [jvm.dll+0x160e67]
V  [jvm.dll+0x1a49f9]
C  [msvcr100.dll+0x5c556]
C  [msvcr100.dll+0x5c600]
C  [kernel32.dll+0x133ca]
C  [ntdll.dll+0x39ed2]
C  [ntdll.dll+0x39ea5]

Java frames: (J=compiled Java code, j=interpreted, Vv=VM code)
j  org.sqlite.NativeDB.prepare(Ljava/lang/String;)J+0
j  org.sqlite.DB.prepare(Lorg/sqlite/RS;)V+21
j  org.sqlite.Stmt.executeQuery(Ljava/lang/String;)Ljava/sql/ResultSet;+18
j  subbvasalud.models.Conexion.consultar(Ljava/lang/String;)Ljava/sql/ResultSet;+11
j  subbvasalud.models.Socio.getSociosById(I)Lsubbvasalud/models/Socio;+23
j  subbvasalud.controllers.MainMenuController.mostrarCargas(Ljavax/swing/table/DefaultTableModel;)V+79
j  subbvasalud.views.MainMenu.<init>()V+105
j  subbvasalud.views.MainMenu$20.run()V+4
j  java.awt.event.InvocationEvent.dispatch()V+47
j  java.awt.EventQueue.dispatchEventImpl(Ljava/awt/AWTEvent;Ljava/lang/Object;)V+21
j  java.awt.EventQueue.access$200(Ljava/awt/EventQueue;Ljava/awt/AWTEvent;Ljava/lang/Object;)V+3
j  java.awt.EventQueue$3.run()Ljava/lang/Void;+12
j  java.awt.EventQueue$3.run()Ljava/lang/Object;+1
v  ~StubRoutines::call_stub
j  java.security.AccessController.doPrivileged(Ljava/security/PrivilegedAction;Ljava/security/AccessControlContext;)Ljava/lang/Object;+0
j  java.security.ProtectionDomain$1.doIntersectionPrivilege(Ljava/security/PrivilegedAction;Ljava/security/AccessControlContext;Ljava/security/AccessControlContext;)Ljava/lang/Object;+28
j  java.awt.EventQueue.dispatchEvent(Ljava/awt/AWTEvent;)V+46
j  java.awt.EventDispatchThread.pumpOneEventForFilters(I)V+245
j  java.awt.EventDispatchThread.pumpEventsForFilter(ILjava/awt/Conditional;Ljava/awt/EventFilter;)V+35
j  java.awt.EventDispatchThread.pumpEventsForHierarchy(ILjava/awt/Conditional;Ljava/awt/Component;)V+11
j  java.awt.EventDispatchThread.pumpEvents(ILjava/awt/Conditional;)V+4
j  java.awt.EventDispatchThread.pumpEvents(Ljava/awt/Conditional;)V+3
j  java.awt.EventDispatchThread.run()V+9
v  ~StubRoutines::call_stub

---------------  P R O C E S S  ---------------

Java Threads: ( => current thread )
  0x04b16c00 JavaThread "TimerQueue" daemon [_thread_blocked, id=3748, stack(0x06a60000,0x06ab0000)]
  0x04b53000 JavaThread "Swing-Shell" daemon [_thread_blocked, id=3976, stack(0x06450000,0x064a0000)]
  0x0088bc00 JavaThread "DestroyJavaVM" [_thread_blocked, id=1676, stack(0x007f0000,0x00840000)]
=>0x04ac8c00 JavaThread "AWT-EventQueue-0" [_thread_in_vm, id=2244, stack(0x05010000,0x05060000)]
  0x04ab8400 JavaThread "AWT-Windows" daemon [_thread_in_native, id=3460, stack(0x04fc0000,0x05010000)]
  0x04ab7800 JavaThread "AWT-Shutdown" [_thread_blocked, id=872, stack(0x04ea0000,0x04ef0000)]
  0x04ab5000 JavaThread "Java2D Disposer" daemon [_thread_blocked, id=3892, stack(0x048f0000,0x04940000)]
  0x00938c00 JavaThread "Service Thread" daemon [_thread_blocked, id=4008, stack(0x04860000,0x048b0000)]
  0x00934400 JavaThread "C1 CompilerThread0" daemon [_thread_blocked, id=1664, stack(0x04960000,0x049b0000)]
  0x00933000 JavaThread "Attach Listener" daemon [_thread_blocked, id=3672, stack(0x04600000,0x04650000)]
  0x00930000 JavaThread "Signal Dispatcher" daemon [_thread_blocked, id=3652, stack(0x047d0000,0x04820000)]
  0x008c5c00 JavaThread "Finalizer" daemon [_thread_blocked, id=3204, stack(0x04680000,0x046d0000)]
  0x008c0c00 JavaThread "Reference Handler" daemon [_thread_blocked, id=3384, stack(0x04380000,0x043d0000)]

Other Threads:
  0x008bf400 VMThread [stack: 0x04510000,0x04560000] [id=3256]
  0x0095d800 WatcherThread [stack: 0x04a30000,0x04a80000] [id=1352]

VM state:synchronizing (normal execution)

VM Mutex/Monitor currently owned by a thread:  ([mutex/lock_event])
[0x00889e40] Threads_lock - owner thread: 0x008bf400

Heap
 def new generation   total 4928K, used 1101K [0x24270000, 0x247c0000, 0x297c0000)
  eden space 4416K,  13% used [0x24270000, 0x24303578, 0x246c0000)
  from space 512K, 100% used [0x24740000, 0x247c0000, 0x247c0000)
  to   space 512K,   0% used [0x246c0000, 0x246c0000, 0x24740000)
 tenured generation   total 10944K, used 1061K [0x297c0000, 0x2a270000, 0x34270000)
   the space 10944K,   9% used [0x297c0000, 0x298c97f0, 0x298c9800, 0x2a270000)
 compacting perm gen  total 12288K, used 2946K [0x34270000, 0x34e70000, 0x38270000)
   the space 12288K,  23% used [0x34270000, 0x34550a10, 0x34550c00, 0x34e70000)
    ro space 10240K,  44% used [0x38270000, 0x386e7808, 0x386e7a00, 0x38c70000)
    rw space 12288K,  52% used [0x38c70000, 0x392be610, 0x392be800, 0x39870000)

Card table byte_map: [0x04210000,0x042c0000] byte_map_base: 0x040eec80

Polling page: 0x001e0000

Code Cache  [0x02210000, 0x02300000, 0x04210000)
 total_blobs=472 nmethods=234 adapters=175 free_code_cache=31834Kb largest_free_block=32598272

Compilation events (10 events):
Event: 15.142 Thread 0x00934400  230             sun.security.provider.MD5::II (31 bytes)
Event: 15.143 Thread 0x00934400 nmethod 230 0x022f6248 code [0x022f6340, 0x022f63e0]
Event: 15.143 Thread 0x00934400  231 % !         org.xerial.db.sql.sqlite.SQLiteJDBCLoader::md5sum @ 25 (73 bytes)
Event: 15.144 Thread 0x00934400 nmethod 231% 0x022f6448 code [0x022f65f0, 0x022f6a28]
Event: 15.157 Thread 0x00934400  232             sun.security.provider.MD5::implCompress (1508 bytes)
Event: 15.168 Thread 0x00934400 nmethod 232 0x022f6f48 code [0x022f7080, 0x022f7e4c]
Event: 15.168 Thread 0x00934400  233             sun.security.provider.ByteArrayAccess::b2iLittle64 (586 bytes)
Event: 15.168 Thread 0x00934400 nmethod 233 0x022f8388 code [0x022f84a0, 0x022f87b0]
Event: 15.194 Thread 0x00934400  234   !         org.xerial.db.sql.sqlite.SQLiteJDBCLoader::md5sum (73 bytes)
Event: 15.201 Thread 0x00934400 nmethod 234 0x022f8a08 code [0x022f8bb0, 0x022f90f4]

GC Heap History (2 events):
Event: 14.623 GC heap before
{Heap before GC invocations=0 (full 0):
 def new generation   total 4928K, used 4416K [0x24270000, 0x247c0000, 0x297c0000)
  eden space 4416K, 100% used [0x24270000, 0x246c0000, 0x246c0000)
  from space 512K,   0% used [0x246c0000, 0x246c0000, 0x24740000)
  to   space 512K,   0% used [0x24740000, 0x24740000, 0x247c0000)
 tenured generation   total 10944K, used 0K [0x297c0000, 0x2a270000, 0x34270000)
   the space 10944K,   0% used [0x297c0000, 0x297c0000, 0x297c0200, 0x2a270000)
 compacting perm gen  total 12288K, used 2703K [0x34270000, 0x34e70000, 0x38270000)
   the space 12288K,  21% used [0x34270000, 0x34513d08, 0x34513e00, 0x34e70000)
    ro space 10240K,  44% used [0x38270000, 0x386e7808, 0x386e7a00, 0x38c70000)
    rw space 12288K,  52% used [0x38c70000, 0x392be610, 0x392be800, 0x39870000)
Event: 14.897 GC heap after
Heap after GC invocations=1 (full 0):
 def new generation   total 4928K, used 512K [0x24270000, 0x247c0000, 0x297c0000)
  eden space 4416K,   0% used [0x24270000, 0x24270000, 0x246c0000)
  from space 512K, 100% used [0x24740000, 0x247c0000, 0x247c0000)
  to   space 512K,   0% used [0x246c0000, 0x246c0000, 0x24740000)
 tenured generation   total 10944K, used 1061K [0x297c0000, 0x2a270000, 0x34270000)
   the space 10944K,   9% used [0x297c0000, 0x298c97f0, 0x298c9800, 0x2a270000)
 compacting perm gen  total 12288K, used 2703K [0x34270000, 0x34e70000, 0x38270000)
   the space 12288K,  21% used [0x34270000, 0x34513d08, 0x34513e00, 0x34e70000)
    ro space 10240K,  44% used [0x38270000, 0x386e7808, 0x386e7a00, 0x38c70000)
    rw space 12288K,  52% used [0x38c70000, 0x392be610, 0x392be800, 0x39870000)
}

Deoptimization events (0 events):
No events

Internal exceptions (10 events):
Event: 15.092 Thread 0x04ac8c00 Threw 0x2428b040 at C:\re\jdk7u45\229\hotspot\src\share\vm\prims\jvm.cpp:1244
Event: 15.092 Thread 0x04ac8c00 Threw 0x2428df08 at C:\re\jdk7u45\229\hotspot\src\share\vm\prims\jvm.cpp:1244
Event: 15.105 Thread 0x04ac8c00 Threw 0x24294118 at C:\re\jdk7u45\229\hotspot\src\share\vm\prims\jvm.cpp:1244
Event: 15.108 Thread 0x04ac8c00 Threw 0x24299ef8 at C:\re\jdk7u45\229\hotspot\src\share\vm\prims\jvm.cpp:1244
Event: 15.108 Thread 0x04ac8c00 Threw 0x2429fad8 at C:\re\jdk7u45\229\hotspot\src\share\vm\prims\jvm.cpp:1244
Event: 15.221 Thread 0x04ac8c00 Threw 0x242cce60 at C:\re\jdk7u45\229\hotspot\src\share\vm\prims\jvm.cpp:1244
Event: 15.222 Thread 0x04ac8c00 Threw 0x242cf8e0 at C:\re\jdk7u45\229\hotspot\src\share\vm\prims\jvm.cpp:1244
Event: 15.223 Thread 0x04ac8c00 Threw 0x242d3d40 at C:\re\jdk7u45\229\hotspot\src\share\vm\prims\jvm.cpp:1244
Event: 15.251 Thread 0x04ac8c00 Threw 0x242df920 at C:\re\jdk7u45\229\hotspot\src\share\vm\prims\jvm.cpp:1244
Event: 15.284 Thread 0x04ac8c00 Threw 0x242ecf78 at C:\re\jdk7u45\229\hotspot\src\share\vm\prims\jvm.cpp:1244

Events (10 events):
Event: 15.230 loading class 0x04ab8d08
Event: 15.241 loading class 0x04ab8d08 done
Event: 15.241 loading class 0x04b273a8
Event: 15.241 loading class 0x04b273a8 done
Event: 15.251 loading class 0x04b15178
Event: 15.251 loading class 0x04b15178 done
Event: 15.284 loading class 0x00961ef0
Event: 15.284 loading class 0x00961ef0 done
Event: 15.285 loading class 0x39898dd0
Event: 15.285 loading class 0x39898dd0 done


Dynamic libraries:
0x00aa0000 - 0x00acf000 	C:\Program Files (x86)\Java\jdk1.7.0_45\bin\java.exe
0x77c70000 - 0x77df0000 	C:\Windows\SysWOW64\ntdll.dll
0x76660000 - 0x76770000 	C:\Windows\syswow64\kernel32.dll
0x77820000 - 0x77866000 	C:\Windows\syswow64\KERNELBASE.dll
0x776a0000 - 0x77740000 	C:\Windows\syswow64\ADVAPI32.dll
0x763a0000 - 0x7644c000 	C:\Windows\syswow64\msvcrt.dll
0x760f0000 - 0x76109000 	C:\Windows\SysWOW64\sechost.dll
0x75c70000 - 0x75d60000 	C:\Windows\syswow64\RPCRT4.dll
0x757d0000 - 0x75830000 	C:\Windows\syswow64\SspiCli.dll
0x757c0000 - 0x757cc000 	C:\Windows\syswow64\CRYPTBASE.dll
0x76780000 - 0x76880000 	C:\Windows\syswow64\USER32.dll
0x77740000 - 0x777d0000 	C:\Windows\syswow64\GDI32.dll
0x75940000 - 0x7594a000 	C:\Windows\syswow64\LPK.dll
0x76110000 - 0x761ad000 	C:\Windows\syswow64\USP10.dll
0x74ab0000 - 0x74c4e000 	C:\Windows\WinSxS\x86_microsoft.windows.common-controls_6595b64144ccf1df_6.0.7601.17514_none_41e6975e2bd6f2b2\COMCTL32.dll
0x75950000 - 0x759a7000 	C:\Windows\syswow64\SHLWAPI.dll
0x76080000 - 0x760e0000 	C:\Windows\system32\IMM32.DLL
0x76240000 - 0x7630c000 	C:\Windows\syswow64\MSCTF.dll
0x750d0000 - 0x7518f000 	C:\Program Files (x86)\Java\jdk1.7.0_45\jre\bin\msvcr100.dll
0x74590000 - 0x74910000 	C:\Program Files (x86)\Java\jdk1.7.0_45\jre\bin\client\jvm.dll
0x751d0000 - 0x751d7000 	C:\Windows\system32\WSOCK32.dll
0x765f0000 - 0x76625000 	C:\Windows\syswow64\WS2_32.dll
0x76450000 - 0x76456000 	C:\Windows\syswow64\NSI.dll
0x75190000 - 0x751c2000 	C:\Windows\system32\WINMM.dll
0x77c40000 - 0x77c45000 	C:\Windows\syswow64\PSAPI.DLL
0x751e0000 - 0x751ec000 	C:\Program Files (x86)\Java\jdk1.7.0_45\jre\bin\verify.dll
0x75070000 - 0x75090000 	C:\Program Files (x86)\Java\jdk1.7.0_45\jre\bin\java.dll
0x75050000 - 0x75063000 	C:\Program Files (x86)\Java\jdk1.7.0_45\jre\bin\zip.dll
0x74e10000 - 0x74f53000 	C:\Program Files (x86)\Java\jdk1.7.0_45\jre\bin\awt.dll
0x77610000 - 0x7769f000 	C:\Windows\syswow64\OLEAUT32.dll
0x76460000 - 0x765bc000 	C:\Windows\syswow64\ole32.dll
0x769c0000 - 0x7760a000 	C:\Windows\syswow64\SHELL32.dll
0x74c50000 - 0x74c63000 	C:\Windows\system32\DWMAPI.DLL
0x74a70000 - 0x74aa8000 	C:\Program Files (x86)\Java\jdk1.7.0_45\jre\bin\fontmanager.dll
0x724f0000 - 0x726b3000 	C:\Windows\system32\d3d9.dll
0x74210000 - 0x74219000 	C:\Windows\system32\VERSION.dll
0x72750000 - 0x72756000 	C:\Windows\system32\d3d8thk.dll
0x71210000 - 0x7124a000 	C:\Windows\system32\vm3dum.dll
0x74450000 - 0x744d4000 	C:\Windows\WinSxS\x86_microsoft.windows.common-controls_6595b64144ccf1df_5.82.7601.17514_none_ec83dffa859149af\comctl32.dll
0x75030000 - 0x75044000 	C:\Program Files (x86)\Java\jdk1.7.0_45\jre\bin\net.dll
0x74ff0000 - 0x7502c000 	C:\Windows\system32\mswsock.dll
0x74fe0000 - 0x74fe6000 	C:\Windows\System32\wship6.dll
0x74fd0000 - 0x74fdf000 	C:\Program Files (x86)\Java\jdk1.7.0_45\jre\bin\nio.dll
0x74a40000 - 0x74a70000 	C:\Program Files (x86)\Java\jdk1.7.0_45\jre\bin\t2k.dll
0x759d0000 - 0x75b6d000 	C:\Windows\syswow64\SETUPAPI.dll
0x76310000 - 0x76337000 	C:\Windows\syswow64\CFGMGR32.dll
0x759b0000 - 0x759c2000 	C:\Windows\syswow64\DEVOBJ.dll
0x758b0000 - 0x75933000 	C:\Windows\syswow64\CLBCatQ.DLL
0x73d90000 - 0x73e85000 	C:\Windows\system32\propsys.dll
0x73510000 - 0x73531000 	C:\Windows\system32\ntmarta.dll
0x777d0000 - 0x77815000 	C:\Windows\syswow64\WLDAP32.dll
0x74400000 - 0x7444c000 	C:\Windows\system32\apphelp.dll
0x721a0000 - 0x72338000 	C:\Windows\system32\NetworkExplorer.dll
0x734b0000 - 0x734de000 	C:\Windows\System32\shdocvw.dll
0x74d80000 - 0x74d8b000 	C:\Windows\system32\profapi.dll
0x743e0000 - 0x743ea000 	C:\Windows\system32\slc.dll
0x740d0000 - 0x740e2000 	C:\Windows\system32\MPR.dll
0x743c0000 - 0x743ce000 	C:\Windows\System32\vmhgfs.dll
0x734f0000 - 0x734f8000 	C:\Windows\System32\drprov.dll
0x73480000 - 0x734a9000 	C:\Windows\System32\WINSTA.dll
0x73460000 - 0x73474000 	C:\Windows\System32\ntlanman.dll
0x73440000 - 0x73457000 	C:\Windows\System32\davclnt.dll
0x73500000 - 0x73508000 	C:\Windows\System32\DAVHLPR.dll
0x734e0000 - 0x734ef000 	C:\Windows\system32\wkscli.dll
0x743f0000 - 0x743fb000 	C:\Windows\system32\cscapi.dll
0x73430000 - 0x73439000 	C:\Windows\system32\netutils.dll
0x70d50000 - 0x70f88000 	C:\Windows\system32\wpdshext.dll
0x72350000 - 0x724e0000 	C:\Windows\WinSxS\x86_microsoft.windows.gdiplus_6595b64144ccf1df_1.1.7601.17514_none_72d18a4386696c80\gdiplus.dll
0x733a0000 - 0x73429000 	C:\Windows\system32\PortableDeviceApi.dll
0x76630000 - 0x7665d000 	C:\Windows\syswow64\WINTRUST.dll
0x75f60000 - 0x7607d000 	C:\Windows\syswow64\CRYPT32.dll
0x760e0000 - 0x760ec000 	C:\Windows\syswow64\MSASN1.dll
0x72120000 - 0x7215f000 	C:\Windows\system32\audiodev.dll
0x71eb0000 - 0x72117000 	C:\Windows\system32\WMVCore.DLL
0x72160000 - 0x7219d000 	C:\Windows\system32\WMASF.DLL
0x74380000 - 0x743b1000 	C:\Windows\system32\EhStorShell.dll
0x71e80000 - 0x71ea2000 	C:\Windows\system32\EhStorAPI.dll
0x73390000 - 0x73399000 	C:\Windows\system32\LINKINFO.dll
0x73e90000 - 0x73f8b000 	C:\Windows\system32\WindowsCodecs.dll
0x73d20000 - 0x73d90000 	C:\Windows\system32\ntshrui.dll
0x74a00000 - 0x74a19000 	C:\Windows\system32\srvcli.dll
0x6b0c0000 - 0x6b15f000 	C:\Users\damage\AppData\Local\Temp\sqlitejdbc.dll
0x71120000 - 0x7120b000 	C:\Windows\system32\dbghelp.dll

VM Arguments:
jvm_args: -Dfile.encoding=UTF-8 
java_command: subbvasalud.views.NewMain
Launcher Type: SUN_STANDARD

Environment Variables:
PATH=C:\Windows\system32;C:\Windows;C:\Windows\System32\Wbem;C:\Windows\System32\WindowsPowerShell\v1.0\;C:\Ruby200-x64\bin
USERNAME=damage
OS=Windows_NT
PROCESSOR_IDENTIFIER=Intel64 Family 6 Model 58 Stepping 9, GenuineIntel



---------------  S Y S T E M  ---------------

OS: Windows 7 , 64 bit Build 7601 Service Pack 1

CPU:total 2 (1 cores per cpu, 1 threads per core) family 6 model 58 stepping 9, cmov, cx8, fxsr, mmx, sse, sse2, sse3, ssse3, sse4.1, sse4.2, popcnt, avx, aes, erms, tsc, tscinvbit, tscinv

Memory: 4k page, physical 4193784k(2876796k free), swap 8385724k(7028108k free)

vm_info: Java HotSpot(TM) Client VM (24.45-b08) for windows-x86 JRE (1.7.0_45-b18), built on Oct  8 2013 06:02:43 by "java_re" with unknown MS VC++:1600

time: Sun Dec 22 13:05:22 2013
elapsed time: 15 seconds

