#
# A fatal error has been detected by the Java Runtime Environment:
#
#  EXCEPTION_ACCESS_VIOLATION (0xc0000005) at pc=0x746511f9, pid=3948, tid=2720
#
# JRE version: Java(TM) SE Runtime Environment (7.0_45-b18) (build 1.7.0_45-b18)
# Java VM: Java HotSpot(TM) Client VM (24.45-b08 mixed mode, sharing windows-x86 )
# Problematic frame:
# V  [jvm.dll+0xc11f9]
#
# Failed to write core dump. Minidumps are not enabled by default on client versions of Windows
#
# If you would like to submit a bug report, please visit:
#   http://bugreport.sun.com/bugreport/crash.jsp
#

---------------  T H R E A D  ---------------

Current thread (0x04982000):  JavaThread "AWT-EventQueue-0" [_thread_in_vm, id=2720, stack(0x04e40000,0x04e90000)]

siginfo: ExceptionCode=0xc0000005, reading address 0x00000000

Registers:
EAX=0x00000000, EBX=0x04982000, ECX=0x00000000, EDX=0x00000000
ESP=0x04e8e1c4, EBP=0x04e8e1d8, ESI=0xffffffff, EDI=0x748a4b88
EIP=0x746511f9, EFLAGS=0x00010246

Top of Stack: (sp=0x04e8e1c4)
0x04e8e1c4:   04f81068 04982000 00000000 5dc4b73b
0x04e8e1d4:   fffffffe 04e8e228 6b0c2121 04982130
0x04e8e1e4:   00000000 00000000 04e8e21c 023f339a
0x04e8e1f4:   2458c430 2458c668 04e8e1fc 00000000
0x04e8e204:   00000000 00000000 00000000 34545148
0x04e8e214:   00000000 04e8e224 3452f248 3452f240
0x04e8e224:   04982000 04e8e274 023fb065 04982130
0x04e8e234:   04e8e288 00000000 00000000 3453c240 

Instructions: (pc=0x746511f9)
0x746511d9:   f4 ff 83 c4 08 83 7b 04 00 89 5d f0 c7 45 f4 00
0x746511e9:   00 00 00 74 08 8d 4d f0 e8 ba ab 0c 00 8b 45 0c
0x746511f9:   8b 00 56 57 50 89 45 0c e8 0a 4a f7 ff 83 c4 04
0x74651209:   80 3d 30 01 8d 74 00 8d 70 01 74 0c 6a 00 e8 04 


Register to memory mapping:

EAX=0x00000000 is an unknown value
EBX=0x04982000 is a thread
ECX=0x00000000 is an unknown value
EDX=0x00000000 is an unknown value
ESP=0x04e8e1c4 is pointing into the stack for thread: 0x04982000
EBP=0x04e8e1d8 is pointing into the stack for thread: 0x04982000
ESI=0xffffffff is an unknown value
EDI=0x748a4b88 is an unknown value


Stack: [0x04e40000,0x04e90000],  sp=0x04e8e1c4,  free space=312k
Native frames: (J=compiled Java code, j=interpreted, Vv=VM code, C=native code)
V  [jvm.dll+0xc11f9]
C  [sqlitejdbc.dll+0x2121]
j  org.sqlite.NativeDB.prepare(Ljava/lang/String;)J+0
j  org.sqlite.DB.prepare(Lorg/sqlite/RS;)V+21
j  org.sqlite.Stmt.executeQuery(Ljava/lang/String;)Ljava/sql/ResultSet;+18
j  subbvasalud.models.Conexion.consultar(Ljava/lang/String;)Ljava/sql/ResultSet;+11
j  subbvasalud.models.Socio.getSociosByRut(I)Lsubbvasalud/models/Socio;+23
j  subbvasalud.views.MainMenu.deleteSocioButtonActionPerformed(Ljava/awt/event/ActionEvent;)V+46
j  subbvasalud.views.MainMenu.access$300(Lsubbvasalud/views/MainMenu;Ljava/awt/event/ActionEvent;)V+2
j  subbvasalud.views.MainMenu$6.actionPerformed(Ljava/awt/event/ActionEvent;)V+5
j  javax.swing.AbstractButton.fireActionPerformed(Ljava/awt/event/ActionEvent;)V+84
j  javax.swing.AbstractButton$Handler.actionPerformed(Ljava/awt/event/ActionEvent;)V+5
j  javax.swing.DefaultButtonModel.fireActionPerformed(Ljava/awt/event/ActionEvent;)V+35
j  javax.swing.DefaultButtonModel.setPressed(Z)V+117
j  javax.swing.plaf.basic.BasicButtonListener.mouseReleased(Ljava/awt/event/MouseEvent;)V+35
j  java.awt.Component.processMouseEvent(Ljava/awt/event/MouseEvent;)V+64
j  javax.swing.JComponent.processMouseEvent(Ljava/awt/event/MouseEvent;)V+23
j  java.awt.Component.processEvent(Ljava/awt/AWTEvent;)V+81
j  java.awt.Container.processEvent(Ljava/awt/AWTEvent;)V+18
j  java.awt.Component.dispatchEventImpl(Ljava/awt/AWTEvent;)V+581
j  java.awt.Container.dispatchEventImpl(Ljava/awt/AWTEvent;)V+42
J  java.awt.LightweightDispatcher.retargetMouseEvent(Ljava/awt/Component;ILjava/awt/event/MouseEvent;)V
j  java.awt.LightweightDispatcher.dispatchEvent(Ljava/awt/AWTEvent;)Z+50
j  java.awt.Container.dispatchEventImpl(Ljava/awt/AWTEvent;)V+12
j  java.awt.Window.dispatchEventImpl(Ljava/awt/AWTEvent;)V+19
j  java.awt.Component.dispatchEvent(Ljava/awt/AWTEvent;)V+2
j  java.awt.EventQueue.dispatchEventImpl(Ljava/awt/AWTEvent;Ljava/lang/Object;)V+41
j  java.awt.EventQueue.access$200(Ljava/awt/EventQueue;Ljava/awt/AWTEvent;Ljava/lang/Object;)V+3
j  java.awt.EventQueue$3.run()Ljava/lang/Void;+12
j  java.awt.EventQueue$3.run()Ljava/lang/Object;+1
v  ~StubRoutines::call_stub
V  [jvm.dll+0x13f1fa]
V  [jvm.dll+0x202aee]
V  [jvm.dll+0x13f27d]
V  [jvm.dll+0xfa85a]
C  [java.dll+0x102f]
j  java.security.ProtectionDomain$1.doIntersectionPrivilege(Ljava/security/PrivilegedAction;Ljava/security/AccessControlContext;Ljava/security/AccessControlContext;)Ljava/lang/Object;+28
j  java.security.ProtectionDomain$1.doIntersectionPrivilege(Ljava/security/PrivilegedAction;Ljava/security/AccessControlContext;)Ljava/lang/Object;+6
j  java.awt.EventQueue$4.run()Ljava/lang/Void;+11
j  java.awt.EventQueue$4.run()Ljava/lang/Object;+1
v  ~StubRoutines::call_stub
V  [jvm.dll+0x13f1fa]
V  [jvm.dll+0x202aee]
V  [jvm.dll+0x13f27d]
V  [jvm.dll+0xfa85a]
C  [java.dll+0x102f]
j  java.security.ProtectionDomain$1.doIntersectionPrivilege(Ljava/security/PrivilegedAction;Ljava/security/AccessControlContext;Ljava/security/AccessControlContext;)Ljava/lang/Object;+28
j  java.awt.EventQueue.dispatchEvent(Ljava/awt/AWTEvent;)V+73
J  java.awt.EventDispatchThread.pumpOneEventForFilters(I)V
j  java.awt.EventDispatchThread.pumpEventsForHierarchy(ILjava/awt/Conditional;Ljava/awt/Component;)V+11
j  java.awt.EventDispatchThread.pumpEvents(ILjava/awt/Conditional;)V+4
j  java.awt.EventDispatchThread.pumpEvents(Ljava/awt/Conditional;)V+3
j  java.awt.EventDispatchThread.run()V+9
v  ~StubRoutines::call_stub
V  [jvm.dll+0x13f1fa]
V  [jvm.dll+0x202aee]
V  [jvm.dll+0x13f3c5]
V  [jvm.dll+0x13f427]
V  [jvm.dll+0xeb81f]
V  [jvm.dll+0x16042c]
V  [jvm.dll+0x160e67]
V  [jvm.dll+0x1a49f9]
C  [msvcr100.dll+0x5c556]
C  [msvcr100.dll+0x5c600]
C  [kernel32.dll+0x133ca]
C  [ntdll.dll+0x39ed2]
C  [ntdll.dll+0x39ea5]

Java frames: (J=compiled Java code, j=interpreted, Vv=VM code)
j  org.sqlite.NativeDB.prepare(Ljava/lang/String;)J+0
j  org.sqlite.DB.prepare(Lorg/sqlite/RS;)V+21
j  org.sqlite.Stmt.executeQuery(Ljava/lang/String;)Ljava/sql/ResultSet;+18
j  subbvasalud.models.Conexion.consultar(Ljava/lang/String;)Ljava/sql/ResultSet;+11
j  subbvasalud.models.Socio.getSociosByRut(I)Lsubbvasalud/models/Socio;+23
j  subbvasalud.views.MainMenu.deleteSocioButtonActionPerformed(Ljava/awt/event/ActionEvent;)V+46
j  subbvasalud.views.MainMenu.access$300(Lsubbvasalud/views/MainMenu;Ljava/awt/event/ActionEvent;)V+2
j  subbvasalud.views.MainMenu$6.actionPerformed(Ljava/awt/event/ActionEvent;)V+5
j  javax.swing.AbstractButton.fireActionPerformed(Ljava/awt/event/ActionEvent;)V+84
j  javax.swing.AbstractButton$Handler.actionPerformed(Ljava/awt/event/ActionEvent;)V+5
j  javax.swing.DefaultButtonModel.fireActionPerformed(Ljava/awt/event/ActionEvent;)V+35
j  javax.swing.DefaultButtonModel.setPressed(Z)V+117
j  javax.swing.plaf.basic.BasicButtonListener.mouseReleased(Ljava/awt/event/MouseEvent;)V+35
j  java.awt.Component.processMouseEvent(Ljava/awt/event/MouseEvent;)V+64
j  javax.swing.JComponent.processMouseEvent(Ljava/awt/event/MouseEvent;)V+23
j  java.awt.Component.processEvent(Ljava/awt/AWTEvent;)V+81
j  java.awt.Container.processEvent(Ljava/awt/AWTEvent;)V+18
j  java.awt.Component.dispatchEventImpl(Ljava/awt/AWTEvent;)V+581
j  java.awt.Container.dispatchEventImpl(Ljava/awt/AWTEvent;)V+42
J  java.awt.LightweightDispatcher.retargetMouseEvent(Ljava/awt/Component;ILjava/awt/event/MouseEvent;)V
j  java.awt.LightweightDispatcher.processMouseEvent(Ljava/awt/event/MouseEvent;)Z+139
j  java.awt.LightweightDispatcher.dispatchEvent(Ljava/awt/AWTEvent;)Z+50
j  java.awt.Container.dispatchEventImpl(Ljava/awt/AWTEvent;)V+12
j  java.awt.Window.dispatchEventImpl(Ljava/awt/AWTEvent;)V+19
j  java.awt.Component.dispatchEvent(Ljava/awt/AWTEvent;)V+2
j  java.awt.EventQueue.dispatchEventImpl(Ljava/awt/AWTEvent;Ljava/lang/Object;)V+41
j  java.awt.EventQueue.access$200(Ljava/awt/EventQueue;Ljava/awt/AWTEvent;Ljava/lang/Object;)V+3
j  java.awt.EventQueue$3.run()Ljava/lang/Void;+12
j  java.awt.EventQueue$3.run()Ljava/lang/Object;+1
v  ~StubRoutines::call_stub
J  java.security.AccessController.doPrivileged(Ljava/security/PrivilegedAction;Ljava/security/AccessControlContext;)Ljava/lang/Object;
j  java.security.ProtectionDomain$1.doIntersectionPrivilege(Ljava/security/PrivilegedAction;Ljava/security/AccessControlContext;Ljava/security/AccessControlContext;)Ljava/lang/Object;+28
j  java.security.ProtectionDomain$1.doIntersectionPrivilege(Ljava/security/PrivilegedAction;Ljava/security/AccessControlContext;)Ljava/lang/Object;+6
j  java.awt.EventQueue$4.run()Ljava/lang/Void;+11
j  java.awt.EventQueue$4.run()Ljava/lang/Object;+1
v  ~StubRoutines::call_stub
J  java.security.AccessController.doPrivileged(Ljava/security/PrivilegedAction;Ljava/security/AccessControlContext;)Ljava/lang/Object;
j  java.security.ProtectionDomain$1.doIntersectionPrivilege(Ljava/security/PrivilegedAction;Ljava/security/AccessControlContext;Ljava/security/AccessControlContext;)Ljava/lang/Object;+28
j  java.awt.EventQueue.dispatchEvent(Ljava/awt/AWTEvent;)V+73
J  java.awt.EventDispatchThread.pumpOneEventForFilters(I)V
j  java.awt.EventDispatchThread.pumpEventsForFilter(ILjava/awt/Conditional;Ljava/awt/EventFilter;)V+35
j  java.awt.EventDispatchThread.pumpEventsForHierarchy(ILjava/awt/Conditional;Ljava/awt/Component;)V+11
j  java.awt.EventDispatchThread.pumpEvents(ILjava/awt/Conditional;)V+4
j  java.awt.EventDispatchThread.pumpEvents(Ljava/awt/Conditional;)V+3
j  java.awt.EventDispatchThread.run()V+9
v  ~StubRoutines::call_stub

---------------  P R O C E S S  ---------------

Java Threads: ( => current thread )
  0x04b27000 JavaThread "D3D Screen Updater" daemon [_thread_blocked, id=1832, stack(0x06a50000,0x06aa0000)]
  0x04af7000 JavaThread "TimerQueue" daemon [_thread_blocked, id=3920, stack(0x066c0000,0x06710000)]
  0x04a03c00 JavaThread "Swing-Shell" daemon [_thread_blocked, id=3392, stack(0x04c20000,0x04c70000)]
  0x001fbc00 JavaThread "DestroyJavaVM" [_thread_blocked, id=2732, stack(0x02220000,0x02270000)]
=>0x04982000 JavaThread "AWT-EventQueue-0" [_thread_in_vm, id=2720, stack(0x04e40000,0x04e90000)]
  0x04960400 JavaThread "AWT-Windows" daemon [_thread_in_native, id=3772, stack(0x04da0000,0x04df0000)]
  0x0495fc00 JavaThread "AWT-Shutdown" [_thread_blocked, id=464, stack(0x04d00000,0x04d50000)]
  0x0495f400 JavaThread "Java2D Disposer" daemon [_thread_blocked, id=2932, stack(0x04680000,0x046d0000)]
  0x01dd8c00 JavaThread "Service Thread" daemon [_thread_blocked, id=3748, stack(0x048e0000,0x04930000)]
  0x01dd4400 JavaThread "C1 CompilerThread0" daemon [_thread_blocked, id=3780, stack(0x04890000,0x048e0000)]
  0x01dd3000 JavaThread "Attach Listener" daemon [_thread_blocked, id=1120, stack(0x04810000,0x04860000)]
  0x01dd0000 JavaThread "Signal Dispatcher" daemon [_thread_blocked, id=3744, stack(0x045f0000,0x04640000)]
  0x01d65c00 JavaThread "Finalizer" daemon [_thread_blocked, id=4092, stack(0x04580000,0x045d0000)]
  0x01d60c00 JavaThread "Reference Handler" daemon [_thread_blocked, id=3688, stack(0x01e30000,0x01e80000)]

Other Threads:
  0x01d5f400 VMThread [stack: 0x00470000,0x004c0000] [id=3692]
  0x01deb400 WatcherThread [stack: 0x047a0000,0x047f0000] [id=716]

VM state:not at safepoint (normal execution)

VM Mutex/Monitor currently owned by a thread: None

Heap
 def new generation   total 4928K, used 3765K [0x24270000, 0x247c0000, 0x297c0000)
  eden space 4416K,  73% used [0x24270000, 0x2459d590, 0x246c0000)
  from space 512K, 100% used [0x246c0000, 0x24740000, 0x24740000)
  to   space 512K,   0% used [0x24740000, 0x24740000, 0x247c0000)
 tenured generation   total 10944K, used 1867K [0x297c0000, 0x2a270000, 0x34270000)
   the space 10944K,  17% used [0x297c0000, 0x29992de8, 0x29992e00, 0x2a270000)
 compacting perm gen  total 12288K, used 3376K [0x34270000, 0x34e70000, 0x38270000)
   the space 12288K,  27% used [0x34270000, 0x345bc210, 0x345bc400, 0x34e70000)
    ro space 10240K,  44% used [0x38270000, 0x386e7808, 0x386e7a00, 0x38c70000)
    rw space 12288K,  52% used [0x38c70000, 0x392be610, 0x392be800, 0x39870000)

Card table byte_map: [0x02270000,0x02320000] byte_map_base: 0x0214ec80

Polling page: 0x00190000

Code Cache  [0x023f0000, 0x02560000, 0x043f0000)
 total_blobs=877 nmethods=629 adapters=184 free_code_cache=31302Kb largest_free_block=32053568

Compilation events (10 events):
Event: 37.664 Thread 0x01dd4400 nmethod 624 0x0255bd88 code [0x0255be90, 0x0255c07c]
Event: 37.664 Thread 0x01dd4400  625             sun.util.locale.LocaleUtils::isUpper (18 bytes)
Event: 37.664 Thread 0x01dd4400 nmethod 625 0x0255c208 code [0x0255c300, 0x0255c3a0]
Event: 37.680 Thread 0x01dd4400  626   !         sun.java2d.pipe.BufferedMaskFill::MaskFill (247 bytes)
Event: 37.682 Thread 0x01dd4400 nmethod 626 0x0255c408 code [0x0255c5b0, 0x0255cab0]
Event: 37.682 Thread 0x01dd4400  627             sun.java2d.d3d.D3DMaskFill::validateContext (29 bytes)
Event: 37.682 Thread 0x01dd4400 nmethod 627 0x0255d6c8 code [0x0255d7f0, 0x0255d964]
Event: 37.693 Thread 0x01dd4400  628             javax.swing.SwingUtilities::getWindowAncestor (31 bytes)
Event: 37.694 Thread 0x01dd4400 nmethod 628 0x0255db48 code [0x0255dc60, 0x0255dd78]
Event: 37.765 Thread 0x01dd4400  629             java.lang.Class::searchMethods (90 bytes)

GC Heap History (4 events):
Event: 0.971 GC heap before
{Heap before GC invocations=0 (full 0):
 def new generation   total 4928K, used 4416K [0x24270000, 0x247c0000, 0x297c0000)
  eden space 4416K, 100% used [0x24270000, 0x246c0000, 0x246c0000)
  from space 512K,   0% used [0x246c0000, 0x246c0000, 0x24740000)
  to   space 512K,   0% used [0x24740000, 0x24740000, 0x247c0000)
 tenured generation   total 10944K, used 0K [0x297c0000, 0x2a270000, 0x34270000)
   the space 10944K,   0% used [0x297c0000, 0x297c0000, 0x297c0200, 0x2a270000)
 compacting perm gen  total 12288K, used 2703K [0x34270000, 0x34e70000, 0x38270000)
   the space 12288K,  21% used [0x34270000, 0x34513cf8, 0x34513e00, 0x34e70000)
    ro space 10240K,  44% used [0x38270000, 0x386e7808, 0x386e7a00, 0x38c70000)
    rw space 12288K,  52% used [0x38c70000, 0x392be610, 0x392be800, 0x39870000)
Event: 0.990 GC heap after
Heap after GC invocations=1 (full 0):
 def new generation   total 4928K, used 512K [0x24270000, 0x247c0000, 0x297c0000)
  eden space 4416K,   0% used [0x24270000, 0x24270000, 0x246c0000)
  from space 512K, 100% used [0x24740000, 0x247c0000, 0x247c0000)
  to   space 512K,   0% used [0x246c0000, 0x246c0000, 0x24740000)
 tenured generation   total 10944K, used 1061K [0x297c0000, 0x2a270000, 0x34270000)
   the space 10944K,   9% used [0x297c0000, 0x298c9610, 0x298c9800, 0x2a270000)
 compacting perm gen  total 12288K, used 2703K [0x34270000, 0x34e70000, 0x38270000)
   the space 12288K,  21% used [0x34270000, 0x34513cf8, 0x34513e00, 0x34e70000)
    ro space 10240K,  44% used [0x38270000, 0x386e7808, 0x386e7a00, 0x38c70000)
    rw space 12288K,  52% used [0x38c70000, 0x392be610, 0x392be800, 0x39870000)
}
Event: 12.338 GC heap before
{Heap before GC invocations=1 (full 0):
 def new generation   total 4928K, used 4928K [0x24270000, 0x247c0000, 0x297c0000)
  eden space 4416K, 100% used [0x24270000, 0x246c0000, 0x246c0000)
  from space 512K, 100% used [0x24740000, 0x247c0000, 0x247c0000)
  to   space 512K,   0% used [0x246c0000, 0x246c0000, 0x24740000)
 tenured generation   total 10944K, used 1061K [0x297c0000, 0x2a270000, 0x34270000)
   the space 10944K,   9% used [0x297c0000, 0x298c9610, 0x298c9800, 0x2a270000)
 compacting perm gen  total 12288K, used 3353K [0x34270000, 0x34e70000, 0x38270000)
   the space 12288K,  27% used [0x34270000, 0x345b6490, 0x345b6600, 0x34e70000)
    ro space 10240K,  44% used [0x38270000, 0x386e7808, 0x386e7a00, 0x38c70000)
    rw space 12288K,  52% used [0x38c70000, 0x392be610, 0x392be800, 0x39870000)
Event: 12.355 GC heap after
Heap after GC invocations=2 (full 0):
 def new generation   total 4928K, used 512K [0x24270000, 0x247c0000, 0x297c0000)
  eden space 4416K,   0% used [0x24270000, 0x24270000, 0x246c0000)
  from space 512K, 100% used [0x246c0000, 0x24740000, 0x24740000)
  to   space 512K,   0% used [0x24740000, 0x24740000, 0x247c0000)
 tenured generation   total 10944K, used 1867K [0x297c0000, 0x2a270000, 0x34270000)
   the space 10944K,  17% used [0x297c0000, 0x29992de8, 0x29992e00, 0x2a270000)
 compacting perm gen  total 12288K, used 3353K [0x34270000, 0x34e70000, 0x38270000)
   the space 12288K,  27% used [0x34270000, 0x345b6490, 0x345b6600, 0x34e70000)
    ro space 10240K,  44% used [0x38270000, 0x386e7808, 0x386e7a00, 0x38c70000)
    rw space 12288K,  52% used [0x38c70000, 0x392be610, 0x392be800, 0x39870000)
}

Deoptimization events (0 events):
No events

Internal exceptions (10 events):
Event: 9.558 Thread 0x04982000 Threw 0x24577728 at C:\re\jdk7u45\229\hotspot\src\share\vm\prims\jvm.cpp:1244
Event: 9.578 Thread 0x04982000 Threw 0x245e54d8 at C:\re\jdk7u45\229\hotspot\src\share\vm\prims\jvm.cpp:1244
Event: 9.579 Thread 0x04982000 Threw 0x245e6f60 at C:\re\jdk7u45\229\hotspot\src\share\vm\prims\jvm.cpp:1244
Event: 9.579 Thread 0x04982000 Threw 0x245e89e8 at C:\re\jdk7u45\229\hotspot\src\share\vm\prims\jvm.cpp:1244
Event: 9.580 Thread 0x04982000 Threw 0x245ea5f8 at C:\re\jdk7u45\229\hotspot\src\share\vm\prims\jvm.cpp:1244
Event: 9.580 Thread 0x04982000 Threw 0x245ec0a0 at C:\re\jdk7u45\229\hotspot\src\share\vm\prims\jvm.cpp:1244
Event: 9.581 Thread 0x04982000 Threw 0x245edb98 at C:\re\jdk7u45\229\hotspot\src\share\vm\prims\jvm.cpp:1244
Event: 9.603 Thread 0x04982000 Threw 0x2460d988 at C:\re\jdk7u45\229\hotspot\src\share\vm\prims\jvm.cpp:1244
Event: 9.604 Thread 0x04982000 Threw 0x24610fd8 at C:\re\jdk7u45\229\hotspot\src\share\vm\prims\jvm.cpp:1244
Event: 9.605 Thread 0x04982000 Threw 0x24613030 at C:\re\jdk7u45\229\hotspot\src\share\vm\prims\jvm.cpp:1244

Events (10 events):
Event: 33.660 loading class 0x399c7be8
Event: 33.660 loading class 0x399c7be8 done
Event: 35.926 loading class 0x399c7ac8
Event: 35.926 loading class 0x399c7ac8 done
Event: 35.926 loading class 0x399c7b88
Event: 35.927 loading class 0x399c7b88 done
Event: 35.928 loading class 0x04a912e8
Event: 35.928 loading class 0x04a912e8 done
Event: 35.930 loading class 0x04a91368
Event: 35.930 loading class 0x04a91368 done


Dynamic libraries:
0x000a0000 - 0x000cf000 	C:\Program Files (x86)\Java\jdk1.7.0_45\bin\java.exe
0x77c70000 - 0x77df0000 	C:\Windows\SysWOW64\ntdll.dll
0x76660000 - 0x76770000 	C:\Windows\syswow64\kernel32.dll
0x77820000 - 0x77866000 	C:\Windows\syswow64\KERNELBASE.dll
0x776a0000 - 0x77740000 	C:\Windows\syswow64\ADVAPI32.dll
0x763a0000 - 0x7644c000 	C:\Windows\syswow64\msvcrt.dll
0x760f0000 - 0x76109000 	C:\Windows\SysWOW64\sechost.dll
0x75c70000 - 0x75d60000 	C:\Windows\syswow64\RPCRT4.dll
0x757d0000 - 0x75830000 	C:\Windows\syswow64\SspiCli.dll
0x757c0000 - 0x757cc000 	C:\Windows\syswow64\CRYPTBASE.dll
0x76780000 - 0x76880000 	C:\Windows\syswow64\USER32.dll
0x77740000 - 0x777d0000 	C:\Windows\syswow64\GDI32.dll
0x75940000 - 0x7594a000 	C:\Windows\syswow64\LPK.dll
0x76110000 - 0x761ad000 	C:\Windows\syswow64\USP10.dll
0x74ab0000 - 0x74c4e000 	C:\Windows\WinSxS\x86_microsoft.windows.common-controls_6595b64144ccf1df_6.0.7601.17514_none_41e6975e2bd6f2b2\COMCTL32.dll
0x75950000 - 0x759a7000 	C:\Windows\syswow64\SHLWAPI.dll
0x76080000 - 0x760e0000 	C:\Windows\system32\IMM32.DLL
0x76240000 - 0x7630c000 	C:\Windows\syswow64\MSCTF.dll
0x750d0000 - 0x7518f000 	C:\Program Files (x86)\Java\jdk1.7.0_45\jre\bin\msvcr100.dll
0x74590000 - 0x74910000 	C:\Program Files (x86)\Java\jdk1.7.0_45\jre\bin\client\jvm.dll
0x751d0000 - 0x751d7000 	C:\Windows\system32\WSOCK32.dll
0x765f0000 - 0x76625000 	C:\Windows\syswow64\WS2_32.dll
0x76450000 - 0x76456000 	C:\Windows\syswow64\NSI.dll
0x75190000 - 0x751c2000 	C:\Windows\system32\WINMM.dll
0x77c40000 - 0x77c45000 	C:\Windows\syswow64\PSAPI.DLL
0x751e0000 - 0x751ec000 	C:\Program Files (x86)\Java\jdk1.7.0_45\jre\bin\verify.dll
0x75070000 - 0x75090000 	C:\Program Files (x86)\Java\jdk1.7.0_45\jre\bin\java.dll
0x75050000 - 0x75063000 	C:\Program Files (x86)\Java\jdk1.7.0_45\jre\bin\zip.dll
0x74e10000 - 0x74f53000 	C:\Program Files (x86)\Java\jdk1.7.0_45\jre\bin\awt.dll
0x77610000 - 0x7769f000 	C:\Windows\syswow64\OLEAUT32.dll
0x76460000 - 0x765bc000 	C:\Windows\syswow64\ole32.dll
0x769c0000 - 0x7760a000 	C:\Windows\syswow64\SHELL32.dll
0x74c50000 - 0x74c63000 	C:\Windows\system32\DWMAPI.DLL
0x74a70000 - 0x74aa8000 	C:\Program Files (x86)\Java\jdk1.7.0_45\jre\bin\fontmanager.dll
0x724f0000 - 0x726b3000 	C:\Windows\system32\d3d9.dll
0x74210000 - 0x74219000 	C:\Windows\system32\VERSION.dll
0x72750000 - 0x72756000 	C:\Windows\system32\d3d8thk.dll
0x71210000 - 0x7124a000 	C:\Windows\system32\vm3dum.dll
0x74450000 - 0x744d4000 	C:\Windows\WinSxS\x86_microsoft.windows.common-controls_6595b64144ccf1df_5.82.7601.17514_none_ec83dffa859149af\comctl32.dll
0x75030000 - 0x75044000 	C:\Program Files (x86)\Java\jdk1.7.0_45\jre\bin\net.dll
0x74ff0000 - 0x7502c000 	C:\Windows\system32\mswsock.dll
0x74fe0000 - 0x74fe6000 	C:\Windows\System32\wship6.dll
0x74fd0000 - 0x74fdf000 	C:\Program Files (x86)\Java\jdk1.7.0_45\jre\bin\nio.dll
0x74a40000 - 0x74a70000 	C:\Program Files (x86)\Java\jdk1.7.0_45\jre\bin\t2k.dll
0x759d0000 - 0x75b6d000 	C:\Windows\syswow64\SETUPAPI.dll
0x76310000 - 0x76337000 	C:\Windows\syswow64\CFGMGR32.dll
0x759b0000 - 0x759c2000 	C:\Windows\syswow64\DEVOBJ.dll
0x758b0000 - 0x75933000 	C:\Windows\syswow64\CLBCatQ.DLL
0x73d90000 - 0x73e85000 	C:\Windows\system32\propsys.dll
0x73510000 - 0x73531000 	C:\Windows\system32\ntmarta.dll
0x777d0000 - 0x77815000 	C:\Windows\syswow64\WLDAP32.dll
0x74400000 - 0x7444c000 	C:\Windows\system32\apphelp.dll
0x721a0000 - 0x72338000 	C:\Windows\system32\NetworkExplorer.dll
0x734b0000 - 0x734de000 	C:\Windows\System32\shdocvw.dll
0x74d80000 - 0x74d8b000 	C:\Windows\system32\profapi.dll
0x743e0000 - 0x743ea000 	C:\Windows\system32\slc.dll
0x740d0000 - 0x740e2000 	C:\Windows\system32\MPR.dll
0x743c0000 - 0x743ce000 	C:\Windows\System32\vmhgfs.dll
0x734f0000 - 0x734f8000 	C:\Windows\System32\drprov.dll
0x73480000 - 0x734a9000 	C:\Windows\System32\WINSTA.dll
0x73460000 - 0x73474000 	C:\Windows\System32\ntlanman.dll
0x73440000 - 0x73457000 	C:\Windows\System32\davclnt.dll
0x73500000 - 0x73508000 	C:\Windows\System32\DAVHLPR.dll
0x734e0000 - 0x734ef000 	C:\Windows\system32\wkscli.dll
0x743f0000 - 0x743fb000 	C:\Windows\system32\cscapi.dll
0x73430000 - 0x73439000 	C:\Windows\system32\netutils.dll
0x70d50000 - 0x70f88000 	C:\Windows\system32\wpdshext.dll
0x72350000 - 0x724e0000 	C:\Windows\WinSxS\x86_microsoft.windows.gdiplus_6595b64144ccf1df_1.1.7601.17514_none_72d18a4386696c80\gdiplus.dll
0x733a0000 - 0x73429000 	C:\Windows\system32\PortableDeviceApi.dll
0x76630000 - 0x7665d000 	C:\Windows\syswow64\WINTRUST.dll
0x75f60000 - 0x7607d000 	C:\Windows\syswow64\CRYPT32.dll
0x760e0000 - 0x760ec000 	C:\Windows\syswow64\MSASN1.dll
0x72120000 - 0x7215f000 	C:\Windows\system32\audiodev.dll
0x71eb0000 - 0x72117000 	C:\Windows\system32\WMVCore.DLL
0x72160000 - 0x7219d000 	C:\Windows\system32\WMASF.DLL
0x74380000 - 0x743b1000 	C:\Windows\system32\EhStorShell.dll
0x71e80000 - 0x71ea2000 	C:\Windows\system32\EhStorAPI.dll
0x73390000 - 0x73399000 	C:\Windows\system32\LINKINFO.dll
0x73e90000 - 0x73f8b000 	C:\Windows\system32\WindowsCodecs.dll
0x73d20000 - 0x73d90000 	C:\Windows\system32\ntshrui.dll
0x74a00000 - 0x74a19000 	C:\Windows\system32\srvcli.dll
0x6b0c0000 - 0x6b15f000 	C:\Users\damage\AppData\Local\Temp\sqlitejdbc.dll
0x74220000 - 0x74244000 	C:\Program Files (x86)\Java\jdk1.7.0_45\jre\bin\dcpr.dll
0x71120000 - 0x7120b000 	C:\Windows\system32\dbghelp.dll

VM Arguments:
jvm_args: -Dfile.encoding=UTF-8 
java_command: subbvasalud.views.NewMain
Launcher Type: SUN_STANDARD

Environment Variables:
PATH=C:\Windows\system32;C:\Windows;C:\Windows\System32\Wbem;C:\Windows\System32\WindowsPowerShell\v1.0\;C:\Ruby200-x64\bin
USERNAME=damage
OS=Windows_NT
PROCESSOR_IDENTIFIER=Intel64 Family 6 Model 58 Stepping 9, GenuineIntel



---------------  S Y S T E M  ---------------

OS: Windows 7 , 64 bit Build 7601 Service Pack 1

CPU:total 2 (1 cores per cpu, 1 threads per core) family 6 model 58 stepping 9, cmov, cx8, fxsr, mmx, sse, sse2, sse3, ssse3, sse4.1, sse4.2, popcnt, avx, aes, erms, tsc, tscinvbit, tscinv

Memory: 4k page, physical 4193784k(2854696k free), swap 8385724k(6922880k free)

vm_info: Java HotSpot(TM) Client VM (24.45-b08) for windows-x86 JRE (1.7.0_45-b18), built on Oct  8 2013 06:02:43 by "java_re" with unknown MS VC++:1600

time: Sun Dec 22 12:54:26 2013
elapsed time: 37 seconds

