#
# A fatal error has been detected by the Java Runtime Environment:
#
#  EXCEPTION_ACCESS_VIOLATION (0xc0000005) at pc=0x746511f9, pid=2452, tid=3760
#
# JRE version: Java(TM) SE Runtime Environment (7.0_45-b18) (build 1.7.0_45-b18)
# Java VM: Java HotSpot(TM) Client VM (24.45-b08 mixed mode, sharing windows-x86 )
# Problematic frame:
# V  [jvm.dll+0xc11f9]
#
# Failed to write core dump. Minidumps are not enabled by default on client versions of Windows
#
# If you would like to submit a bug report, please visit:
#   http://bugreport.sun.com/bugreport/crash.jsp
#

---------------  T H R E A D  ---------------

Current thread (0x0495e800):  JavaThread "AWT-EventQueue-0" [_thread_in_vm, id=3760, stack(0x01280000,0x012d0000)]

siginfo: ExceptionCode=0xc0000005, reading address 0x00000000

Registers:
EAX=0x00000000, EBX=0x0495e800, ECX=0x00000000, EDX=0x00000000
ESP=0x012cdb24, EBP=0x012cdb38, ESI=0xffffffff, EDI=0x748a4b88
EIP=0x746511f9, EFLAGS=0x00010246

Top of Stack: (sp=0x012cdb24)
0x012cdb24:   0514dfe8 0495e800 00000000 e1fe0543
0x012cdb34:   fffffffe 012cdb88 6b0c2121 0495e930
0x012cdb44:   00000000 00000000 244b75c8 244b7800
0x012cdb54:   012cdb54 345450eb 012cdb80 00000000
0x012cdb64:   00000000 00000000 00000000 012cdb7c
0x012cdb74:   012cdba4 02803207 3452f220 3452f218
0x012cdb84:   0495e800 012cdbcc 0280b065 0495e930
0x012cdb94:   012cdbe0 00000000 00000000 012cdba4 

Instructions: (pc=0x746511f9)
0x746511d9:   f4 ff 83 c4 08 83 7b 04 00 89 5d f0 c7 45 f4 00
0x746511e9:   00 00 00 74 08 8d 4d f0 e8 ba ab 0c 00 8b 45 0c
0x746511f9:   8b 00 56 57 50 89 45 0c e8 0a 4a f7 ff 83 c4 04
0x74651209:   80 3d 30 01 8d 74 00 8d 70 01 74 0c 6a 00 e8 04 


Register to memory mapping:

EAX=0x00000000 is an unknown value
EBX=0x0495e800 is a thread
ECX=0x00000000 is an unknown value
EDX=0x00000000 is an unknown value
ESP=0x012cdb24 is pointing into the stack for thread: 0x0495e800
EBP=0x012cdb38 is pointing into the stack for thread: 0x0495e800
ESI=0xffffffff is an unknown value
EDI=0x748a4b88 is an unknown value


Stack: [0x01280000,0x012d0000],  sp=0x012cdb24,  free space=310k
Native frames: (J=compiled Java code, j=interpreted, Vv=VM code, C=native code)
V  [jvm.dll+0xc11f9]
C  [sqlitejdbc.dll+0x2121]
j  org.sqlite.NativeDB.prepare(Ljava/lang/String;)J+0
j  org.sqlite.DB.prepare(Lorg/sqlite/RS;)V+21
j  org.sqlite.Stmt.executeQuery(Ljava/lang/String;)Ljava/sql/ResultSet;+18
j  subbvasalud.models.Conexion.consultar(Ljava/lang/String;)Ljava/sql/ResultSet;+11
j  subbvasalud.models.Socio.getSociosById(I)Lsubbvasalud/models/Socio;+23
j  subbvasalud.controllers.MainMenuController.mostrarCargas(Ljavax/swing/table/DefaultTableModel;)V+79
j  subbvasalud.views.MainMenu.refresh()V+97
j  subbvasalud.views.MainMenu.formWindowGainedFocus(Ljava/awt/event/WindowEvent;)V+1
j  subbvasalud.views.MainMenu.access$000(Lsubbvasalud/views/MainMenu;Ljava/awt/event/WindowEvent;)V+2
j  subbvasalud.views.MainMenu$1.windowGainedFocus(Ljava/awt/event/WindowEvent;)V+5
j  java.awt.Window.processWindowFocusEvent(Ljava/awt/event/WindowEvent;)V+42
j  java.awt.Window.processEvent(Ljava/awt/AWTEvent;)V+80
j  java.awt.Component.dispatchEventImpl(Ljava/awt/AWTEvent;)V+581
j  java.awt.Container.dispatchEventImpl(Ljava/awt/AWTEvent;)V+42
j  java.awt.Window.dispatchEventImpl(Ljava/awt/AWTEvent;)V+19
j  java.awt.Component.dispatchEvent(Ljava/awt/AWTEvent;)V+2
j  java.awt.KeyboardFocusManager.redispatchEvent(Ljava/awt/Component;Ljava/awt/AWTEvent;)V+7
j  java.awt.DefaultKeyboardFocusManager.typeAheadAssertions(Ljava/awt/Component;Ljava/awt/AWTEvent;)Z+311
j  java.awt.DefaultKeyboardFocusManager.dispatchEvent(Ljava/awt/AWTEvent;)Z+492
j  java.awt.Component.dispatchEventImpl(Ljava/awt/AWTEvent;)V+144
j  java.awt.Container.dispatchEventImpl(Ljava/awt/AWTEvent;)V+42
j  java.awt.Window.dispatchEventImpl(Ljava/awt/AWTEvent;)V+19
j  java.awt.Component.dispatchEvent(Ljava/awt/AWTEvent;)V+2
j  java.awt.EventQueue.dispatchEventImpl(Ljava/awt/AWTEvent;Ljava/lang/Object;)V+41
j  java.awt.EventQueue.access$200(Ljava/awt/EventQueue;Ljava/awt/AWTEvent;Ljava/lang/Object;)V+3
j  java.awt.EventQueue$3.run()Ljava/lang/Void;+12
j  java.awt.EventQueue$3.run()Ljava/lang/Object;+1
v  ~StubRoutines::call_stub
V  [jvm.dll+0x13f1fa]
V  [jvm.dll+0x202aee]
V  [jvm.dll+0x13f27d]
V  [jvm.dll+0xfa85a]
C  [java.dll+0x102f]
j  java.security.ProtectionDomain$1.doIntersectionPrivilege(Ljava/security/PrivilegedAction;Ljava/security/AccessControlContext;Ljava/security/AccessControlContext;)Ljava/lang/Object;+28
j  java.security.ProtectionDomain$1.doIntersectionPrivilege(Ljava/security/PrivilegedAction;Ljava/security/AccessControlContext;)Ljava/lang/Object;+6
j  java.awt.EventQueue$4.run()Ljava/lang/Void;+11
j  java.awt.EventQueue$4.run()Ljava/lang/Object;+1
v  ~StubRoutines::call_stub
V  [jvm.dll+0x13f1fa]
V  [jvm.dll+0x202aee]
V  [jvm.dll+0x13f27d]
V  [jvm.dll+0xfa85a]
C  [java.dll+0x102f]
j  java.security.ProtectionDomain$1.doIntersectionPrivilege(Ljava/security/PrivilegedAction;Ljava/security/AccessControlContext;Ljava/security/AccessControlContext;)Ljava/lang/Object;+28
j  java.awt.EventQueue.dispatchEvent(Ljava/awt/AWTEvent;)V+73
j  java.awt.SequencedEvent.dispatch()V+110
j  java.awt.EventQueue.dispatchEventImpl(Ljava/awt/AWTEvent;Ljava/lang/Object;)V+21
j  java.awt.EventQueue.access$200(Ljava/awt/EventQueue;Ljava/awt/AWTEvent;Ljava/lang/Object;)V+3
j  java.awt.EventQueue$3.run()Ljava/lang/Void;+12
j  java.awt.EventQueue$3.run()Ljava/lang/Object;+1
v  ~StubRoutines::call_stub
V  [jvm.dll+0x13f1fa]
V  [jvm.dll+0x202aee]
V  [jvm.dll+0x13f27d]
V  [jvm.dll+0xfa85a]
C  [java.dll+0x102f]
j  java.security.ProtectionDomain$1.doIntersectionPrivilege(Ljava/security/PrivilegedAction;Ljava/security/AccessControlContext;Ljava/security/AccessControlContext;)Ljava/lang/Object;+28
j  java.security.ProtectionDomain$1.doIntersectionPrivilege(Ljava/security/PrivilegedAction;Ljava/security/AccessControlContext;)Ljava/lang/Object;+6
j  java.awt.EventQueue$4.run()Ljava/lang/Void;+11
j  java.awt.EventQueue$4.run()Ljava/lang/Object;+1
v  ~StubRoutines::call_stub
V  [jvm.dll+0x13f1fa]
V  [jvm.dll+0x202aee]
V  [jvm.dll+0x13f27d]
V  [jvm.dll+0xfa85a]
C  [java.dll+0x102f]
j  java.security.ProtectionDomain$1.doIntersectionPrivilege(Ljava/security/PrivilegedAction;Ljava/security/AccessControlContext;Ljava/security/AccessControlContext;)Ljava/lang/Object;+28
j  java.awt.EventQueue.dispatchEvent(Ljava/awt/AWTEvent;)V+73
J  java.awt.EventDispatchThread.pumpOneEventForFilters(I)V
j  java.awt.EventDispatchThread.pumpEventsForHierarchy(ILjava/awt/Conditional;Ljava/awt/Component;)V+11
j  java.awt.EventDispatchThread.pumpEvents(ILjava/awt/Conditional;)V+4
j  java.awt.EventDispatchThread.pumpEvents(Ljava/awt/Conditional;)V+3
j  java.awt.EventDispatchThread.run()V+9
v  ~StubRoutines::call_stub
V  [jvm.dll+0x13f1fa]
V  [jvm.dll+0x202aee]
V  [jvm.dll+0x13f3c5]
V  [jvm.dll+0x13f427]
V  [jvm.dll+0xeb81f]
V  [jvm.dll+0x16042c]
V  [jvm.dll+0x160e67]
V  [jvm.dll+0x1a49f9]
C  [msvcr100.dll+0x5c556]
C  [msvcr100.dll+0x5c600]
C  [kernel32.dll+0x133ca]
C  [ntdll.dll+0x39ed2]
C  [ntdll.dll+0x39ea5]

Java frames: (J=compiled Java code, j=interpreted, Vv=VM code)
j  org.sqlite.NativeDB.prepare(Ljava/lang/String;)J+0
j  org.sqlite.DB.prepare(Lorg/sqlite/RS;)V+21
j  org.sqlite.Stmt.executeQuery(Ljava/lang/String;)Ljava/sql/ResultSet;+18
j  subbvasalud.models.Conexion.consultar(Ljava/lang/String;)Ljava/sql/ResultSet;+11
j  subbvasalud.models.Socio.getSociosById(I)Lsubbvasalud/models/Socio;+23
j  subbvasalud.controllers.MainMenuController.mostrarCargas(Ljavax/swing/table/DefaultTableModel;)V+79
j  subbvasalud.views.MainMenu.refresh()V+97
j  subbvasalud.views.MainMenu.formWindowGainedFocus(Ljava/awt/event/WindowEvent;)V+1
j  subbvasalud.views.MainMenu.access$000(Lsubbvasalud/views/MainMenu;Ljava/awt/event/WindowEvent;)V+2
j  subbvasalud.views.MainMenu$1.windowGainedFocus(Ljava/awt/event/WindowEvent;)V+5
j  java.awt.Window.processWindowFocusEvent(Ljava/awt/event/WindowEvent;)V+42
j  java.awt.Window.processEvent(Ljava/awt/AWTEvent;)V+80
j  java.awt.Component.dispatchEventImpl(Ljava/awt/AWTEvent;)V+581
j  java.awt.Container.dispatchEventImpl(Ljava/awt/AWTEvent;)V+42
j  java.awt.Window.dispatchEventImpl(Ljava/awt/AWTEvent;)V+19
j  java.awt.Component.dispatchEvent(Ljava/awt/AWTEvent;)V+2
j  java.awt.KeyboardFocusManager.redispatchEvent(Ljava/awt/Component;Ljava/awt/AWTEvent;)V+7
j  java.awt.DefaultKeyboardFocusManager.typeAheadAssertions(Ljava/awt/Component;Ljava/awt/AWTEvent;)Z+311
j  java.awt.DefaultKeyboardFocusManager.dispatchEvent(Ljava/awt/AWTEvent;)Z+492
j  java.awt.Component.dispatchEventImpl(Ljava/awt/AWTEvent;)V+144
j  java.awt.Container.dispatchEventImpl(Ljava/awt/AWTEvent;)V+42
j  java.awt.Window.dispatchEventImpl(Ljava/awt/AWTEvent;)V+19
j  java.awt.Component.dispatchEvent(Ljava/awt/AWTEvent;)V+2
j  java.awt.EventQueue.dispatchEventImpl(Ljava/awt/AWTEvent;Ljava/lang/Object;)V+41
j  java.awt.EventQueue.access$200(Ljava/awt/EventQueue;Ljava/awt/AWTEvent;Ljava/lang/Object;)V+3
j  java.awt.EventQueue$3.run()Ljava/lang/Void;+12
j  java.awt.EventQueue$3.run()Ljava/lang/Object;+1
v  ~StubRoutines::call_stub
J  java.security.AccessController.doPrivileged(Ljava/security/PrivilegedAction;Ljava/security/AccessControlContext;)Ljava/lang/Object;
j  java.security.ProtectionDomain$1.doIntersectionPrivilege(Ljava/security/PrivilegedAction;Ljava/security/AccessControlContext;Ljava/security/AccessControlContext;)Ljava/lang/Object;+28
j  java.security.ProtectionDomain$1.doIntersectionPrivilege(Ljava/security/PrivilegedAction;Ljava/security/AccessControlContext;)Ljava/lang/Object;+6
j  java.awt.EventQueue$4.run()Ljava/lang/Void;+11
j  java.awt.EventQueue$4.run()Ljava/lang/Object;+1
v  ~StubRoutines::call_stub
J  java.security.AccessController.doPrivileged(Ljava/security/PrivilegedAction;Ljava/security/AccessControlContext;)Ljava/lang/Object;
j  java.security.ProtectionDomain$1.doIntersectionPrivilege(Ljava/security/PrivilegedAction;Ljava/security/AccessControlContext;Ljava/security/AccessControlContext;)Ljava/lang/Object;+28
j  java.awt.EventQueue.dispatchEvent(Ljava/awt/AWTEvent;)V+73
j  java.awt.SequencedEvent.dispatch()V+110
j  java.awt.EventQueue.dispatchEventImpl(Ljava/awt/AWTEvent;Ljava/lang/Object;)V+21
j  java.awt.EventQueue.access$200(Ljava/awt/EventQueue;Ljava/awt/AWTEvent;Ljava/lang/Object;)V+3
j  java.awt.EventQueue$3.run()Ljava/lang/Void;+12
j  java.awt.EventQueue$3.run()Ljava/lang/Object;+1
v  ~StubRoutines::call_stub
J  java.security.AccessController.doPrivileged(Ljava/security/PrivilegedAction;Ljava/security/AccessControlContext;)Ljava/lang/Object;
j  java.security.ProtectionDomain$1.doIntersectionPrivilege(Ljava/security/PrivilegedAction;Ljava/security/AccessControlContext;Ljava/security/AccessControlContext;)Ljava/lang/Object;+28
j  java.security.ProtectionDomain$1.doIntersectionPrivilege(Ljava/security/PrivilegedAction;Ljava/security/AccessControlContext;)Ljava/lang/Object;+6
j  java.awt.EventQueue$4.run()Ljava/lang/Void;+11
j  java.awt.EventQueue$4.run()Ljava/lang/Object;+1
v  ~StubRoutines::call_stub
J  java.security.AccessController.doPrivileged(Ljava/security/PrivilegedAction;Ljava/security/AccessControlContext;)Ljava/lang/Object;
j  java.security.ProtectionDomain$1.doIntersectionPrivilege(Ljava/security/PrivilegedAction;Ljava/security/AccessControlContext;Ljava/security/AccessControlContext;)Ljava/lang/Object;+28
j  java.awt.EventQueue.dispatchEvent(Ljava/awt/AWTEvent;)V+73
J  java.awt.EventDispatchThread.pumpOneEventForFilters(I)V
j  java.awt.EventDispatchThread.pumpEventsForFilter(ILjava/awt/Conditional;Ljava/awt/EventFilter;)V+35
j  java.awt.EventDispatchThread.pumpEventsForHierarchy(ILjava/awt/Conditional;Ljava/awt/Component;)V+11
j  java.awt.EventDispatchThread.pumpEvents(ILjava/awt/Conditional;)V+4
j  java.awt.EventDispatchThread.pumpEvents(Ljava/awt/Conditional;)V+3
j  java.awt.EventDispatchThread.run()V+9
v  ~StubRoutines::call_stub

---------------  P R O C E S S  ---------------

Java Threads: ( => current thread )
  0x04ac0000 JavaThread "D3D Screen Updater" daemon [_thread_blocked, id=500, stack(0x07a40000,0x07a90000)]
  0x0499fc00 JavaThread "TimerQueue" daemon [_thread_blocked, id=3820, stack(0x069a0000,0x069f0000)]
  0x049e0800 JavaThread "Swing-Shell" daemon [_thread_blocked, id=1500, stack(0x04d80000,0x04dd0000)]
  0x007dbc00 JavaThread "DestroyJavaVM" [_thread_blocked, id=396, stack(0x00df0000,0x00e40000)]
=>0x0495e800 JavaThread "AWT-EventQueue-0" [_thread_in_vm, id=3760, stack(0x01280000,0x012d0000)]
  0x0493d400 JavaThread "AWT-Windows" daemon [_thread_blocked, id=2496, stack(0x04e20000,0x04e70000)]
  0x0493c800 JavaThread "AWT-Shutdown" [_thread_blocked, id=3448, stack(0x012d0000,0x01320000)]
  0x0493c000 JavaThread "Java2D Disposer" daemon [_thread_blocked, id=312, stack(0x04c30000,0x04c80000)]
  0x00888c00 JavaThread "Service Thread" daemon [_thread_blocked, id=4028, stack(0x01330000,0x01380000)]
  0x00884400 JavaThread "C1 CompilerThread0" daemon [_thread_blocked, id=1480, stack(0x01380000,0x013d0000)]
  0x00883400 JavaThread "Attach Listener" daemon [_thread_blocked, id=1056, stack(0x01020000,0x01070000)]
  0x00880000 JavaThread "Signal Dispatcher" daemon [_thread_blocked, id=1220, stack(0x01070000,0x010c0000)]
  0x00812400 JavaThread "Finalizer" daemon [_thread_blocked, id=3936, stack(0x01180000,0x011d0000)]
  0x00810c00 JavaThread "Reference Handler" daemon [_thread_blocked, id=3628, stack(0x010f0000,0x01140000)]

Other Threads:
  0x0080f400 VMThread [stack: 0x00e40000,0x00e90000] [id=2100]
  0x0089bc00 WatcherThread [stack: 0x04840000,0x04890000] [id=3660]

VM state:synchronizing (normal execution)

VM Mutex/Monitor currently owned by a thread:  ([mutex/lock_event])
[0x007d9e40] Threads_lock - owner thread: 0x0080f400

Heap
 def new generation   total 4928K, used 2862K [0x24270000, 0x247c0000, 0x297c0000)
  eden space 4416K,  53% used [0x24270000, 0x244bbb80, 0x246c0000)
  from space 512K, 100% used [0x246c0000, 0x24740000, 0x24740000)
  to   space 512K,   0% used [0x24740000, 0x24740000, 0x247c0000)
 tenured generation   total 10944K, used 1775K [0x297c0000, 0x2a270000, 0x34270000)
   the space 10944K,  16% used [0x297c0000, 0x2997bcf0, 0x2997be00, 0x2a270000)
 compacting perm gen  total 12288K, used 3424K [0x34270000, 0x34e70000, 0x38270000)
   the space 12288K,  27% used [0x34270000, 0x345c8380, 0x345c8400, 0x34e70000)
    ro space 10240K,  44% used [0x38270000, 0x386e7808, 0x386e7a00, 0x38c70000)
    rw space 12288K,  52% used [0x38c70000, 0x392be610, 0x392be800, 0x39870000)

Card table byte_map: [0x00d00000,0x00db0000] byte_map_base: 0x00bdec80

Polling page: 0x00180000

Code Cache  [0x02800000, 0x02968000, 0x04800000)
 total_blobs=828 nmethods=580 adapters=184 free_code_cache=31358Kb largest_free_block=32111040

Compilation events (10 events):
Event: 39.141 Thread 0x00884400 nmethod 573 0x0295d288 code [0x0295d3d0, 0x0295d69c]
Event: 39.141 Thread 0x00884400  574             sun.java2d.pipe.DrawImage::copyImage (74 bytes)
Event: 39.141 Thread 0x00884400 nmethod 574 0x0295d888 code [0x0295d990, 0x0295db78]
Event: 39.147 Thread 0x00884400  575   !         sun.java2d.pipe.DrawImage::renderImageCopy (149 bytes)
Event: 39.181 Thread 0x00884400 nmethod 575 0x0295dc88 code [0x0295ddc0, 0x0295e140]
Event: 39.181 Thread 0x00884400  576             sun.java2d.pipe.DrawImage::blitSurfaceData (145 bytes)
Event: 39.182 Thread 0x00884400 nmethod 576 0x0295e4c8 code [0x0295e640, 0x0295ea20]
Event: 39.182 Thread 0x00884400  577             sun.java2d.pipe.BufferedContext::setComposite (124 bytes)
Event: 39.184 Thread 0x00884400 nmethod 577 0x0295eec8 code [0x0295f020, 0x0295f3d4]
Event: 39.266 Thread 0x00884400  580             java.lang.Class::searchMethods (90 bytes)

GC Heap History (4 events):
Event: 7.316 GC heap before
{Heap before GC invocations=0 (full 0):
 def new generation   total 4928K, used 4416K [0x24270000, 0x247c0000, 0x297c0000)
  eden space 4416K, 100% used [0x24270000, 0x246c0000, 0x246c0000)
  from space 512K,   0% used [0x246c0000, 0x246c0000, 0x24740000)
  to   space 512K,   0% used [0x24740000, 0x24740000, 0x247c0000)
 tenured generation   total 10944K, used 0K [0x297c0000, 0x2a270000, 0x34270000)
   the space 10944K,   0% used [0x297c0000, 0x297c0000, 0x297c0200, 0x2a270000)
 compacting perm gen  total 12288K, used 2703K [0x34270000, 0x34e70000, 0x38270000)
   the space 12288K,  21% used [0x34270000, 0x34513cf0, 0x34513e00, 0x34e70000)
    ro space 10240K,  44% used [0x38270000, 0x386e7808, 0x386e7a00, 0x38c70000)
    rw space 12288K,  52% used [0x38c70000, 0x392be610, 0x392be800, 0x39870000)
Event: 7.690 GC heap after
Heap after GC invocations=1 (full 0):
 def new generation   total 4928K, used 512K [0x24270000, 0x247c0000, 0x297c0000)
  eden space 4416K,   0% used [0x24270000, 0x24270000, 0x246c0000)
  from space 512K, 100% used [0x24740000, 0x247c0000, 0x247c0000)
  to   space 512K,   0% used [0x246c0000, 0x246c0000, 0x24740000)
 tenured generation   total 10944K, used 1061K [0x297c0000, 0x2a270000, 0x34270000)
   the space 10944K,   9% used [0x297c0000, 0x298c9648, 0x298c9800, 0x2a270000)
 compacting perm gen  total 12288K, used 2703K [0x34270000, 0x34e70000, 0x38270000)
   the space 12288K,  21% used [0x34270000, 0x34513cf0, 0x34513e00, 0x34e70000)
    ro space 10240K,  44% used [0x38270000, 0x386e7808, 0x386e7a00, 0x38c70000)
    rw space 12288K,  52% used [0x38c70000, 0x392be610, 0x392be800, 0x39870000)
}
Event: 23.087 GC heap before
{Heap before GC invocations=1 (full 0):
 def new generation   total 4928K, used 4928K [0x24270000, 0x247c0000, 0x297c0000)
  eden space 4416K, 100% used [0x24270000, 0x246c0000, 0x246c0000)
  from space 512K, 100% used [0x24740000, 0x247c0000, 0x247c0000)
  to   space 512K,   0% used [0x246c0000, 0x246c0000, 0x24740000)
 tenured generation   total 10944K, used 1061K [0x297c0000, 0x2a270000, 0x34270000)
   the space 10944K,   9% used [0x297c0000, 0x298c9648, 0x298c9800, 0x2a270000)
 compacting perm gen  total 12288K, used 3355K [0x34270000, 0x34e70000, 0x38270000)
   the space 12288K,  27% used [0x34270000, 0x345b6f98, 0x345b7000, 0x34e70000)
    ro space 10240K,  44% used [0x38270000, 0x386e7808, 0x386e7a00, 0x38c70000)
    rw space 12288K,  52% used [0x38c70000, 0x392be610, 0x392be800, 0x39870000)
Event: 23.451 GC heap after
Heap after GC invocations=2 (full 0):
 def new generation   total 4928K, used 512K [0x24270000, 0x247c0000, 0x297c0000)
  eden space 4416K,   0% used [0x24270000, 0x24270000, 0x246c0000)
  from space 512K, 100% used [0x246c0000, 0x24740000, 0x24740000)
  to   space 512K,   0% used [0x24740000, 0x24740000, 0x247c0000)
 tenured generation   total 10944K, used 1775K [0x297c0000, 0x2a270000, 0x34270000)
   the space 10944K,  16% used [0x297c0000, 0x2997bcf0, 0x2997be00, 0x2a270000)
 compacting perm gen  total 12288K, used 3355K [0x34270000, 0x34e70000, 0x38270000)
   the space 12288K,  27% used [0x34270000, 0x345b6f98, 0x345b7000, 0x34e70000)
    ro space 10240K,  44% used [0x38270000, 0x386e7808, 0x386e7a00, 0x38c70000)
    rw space 12288K,  52% used [0x38c70000, 0x392be610, 0x392be800, 0x39870000)
}

Deoptimization events (0 events):
No events

Internal exceptions (10 events):
Event: 17.887 Thread 0x0495e800 Threw 0x245ab088 at C:\re\jdk7u45\229\hotspot\src\share\vm\prims\jvm.cpp:1244
Event: 17.913 Thread 0x0495e800 Threw 0x245d6ef8 at C:\re\jdk7u45\229\hotspot\src\share\vm\prims\jvm.cpp:1244
Event: 17.914 Thread 0x0495e800 Threw 0x245d8980 at C:\re\jdk7u45\229\hotspot\src\share\vm\prims\jvm.cpp:1244
Event: 17.914 Thread 0x0495e800 Threw 0x245da600 at C:\re\jdk7u45\229\hotspot\src\share\vm\prims\jvm.cpp:1244
Event: 17.915 Thread 0x0495e800 Threw 0x245dc0a8 at C:\re\jdk7u45\229\hotspot\src\share\vm\prims\jvm.cpp:1244
Event: 17.915 Thread 0x0495e800 Threw 0x245ddba0 at C:\re\jdk7u45\229\hotspot\src\share\vm\prims\jvm.cpp:1244
Event: 17.916 Thread 0x0495e800 Threw 0x245df6f0 at C:\re\jdk7u45\229\hotspot\src\share\vm\prims\jvm.cpp:1244
Event: 17.951 Thread 0x0495e800 Threw 0x245ed1d8 at C:\re\jdk7u45\229\hotspot\src\share\vm\prims\jvm.cpp:1244
Event: 20.025 Thread 0x0495e800 Threw 0x2464e078 at C:\re\jdk7u45\229\hotspot\src\share\vm\prims\jvm.cpp:1244
Event: 23.524 Thread 0x00812400 Threw 0x242a0c18 at C:\re\jdk7u45\229\hotspot\src\share\vm\interpreter\linkResolver.cpp:883

Events (10 events):
Event: 23.468 Executing VM operation: RevokeBias
Event: 23.468 Executing VM operation: RevokeBias done
Event: 23.468 Executing VM operation: RevokeBias
Event: 23.468 Executing VM operation: RevokeBias done
Event: 23.468 loading class 0x049a8100
Event: 23.524 loading class 0x049a8100 done
Event: 25.720 loading class 0x39928738
Event: 25.720 loading class 0x39928738 done
Event: 39.257 loading class 0x399fa600
Event: 39.257 loading class 0x399fa600 done


Dynamic libraries:
0x013d0000 - 0x013ff000 	C:\Program Files (x86)\Java\jdk1.7.0_45\bin\java.exe
0x77c70000 - 0x77df0000 	C:\Windows\SysWOW64\ntdll.dll
0x76660000 - 0x76770000 	C:\Windows\syswow64\kernel32.dll
0x77820000 - 0x77866000 	C:\Windows\syswow64\KERNELBASE.dll
0x776a0000 - 0x77740000 	C:\Windows\syswow64\ADVAPI32.dll
0x763a0000 - 0x7644c000 	C:\Windows\syswow64\msvcrt.dll
0x760f0000 - 0x76109000 	C:\Windows\SysWOW64\sechost.dll
0x75c70000 - 0x75d60000 	C:\Windows\syswow64\RPCRT4.dll
0x757d0000 - 0x75830000 	C:\Windows\syswow64\SspiCli.dll
0x757c0000 - 0x757cc000 	C:\Windows\syswow64\CRYPTBASE.dll
0x76780000 - 0x76880000 	C:\Windows\syswow64\USER32.dll
0x77740000 - 0x777d0000 	C:\Windows\syswow64\GDI32.dll
0x75940000 - 0x7594a000 	C:\Windows\syswow64\LPK.dll
0x76110000 - 0x761ad000 	C:\Windows\syswow64\USP10.dll
0x74ab0000 - 0x74c4e000 	C:\Windows\WinSxS\x86_microsoft.windows.common-controls_6595b64144ccf1df_6.0.7601.17514_none_41e6975e2bd6f2b2\COMCTL32.dll
0x75950000 - 0x759a7000 	C:\Windows\syswow64\SHLWAPI.dll
0x76080000 - 0x760e0000 	C:\Windows\system32\IMM32.DLL
0x76240000 - 0x7630c000 	C:\Windows\syswow64\MSCTF.dll
0x750d0000 - 0x7518f000 	C:\Program Files (x86)\Java\jdk1.7.0_45\jre\bin\msvcr100.dll
0x74590000 - 0x74910000 	C:\Program Files (x86)\Java\jdk1.7.0_45\jre\bin\client\jvm.dll
0x751d0000 - 0x751d7000 	C:\Windows\system32\WSOCK32.dll
0x765f0000 - 0x76625000 	C:\Windows\syswow64\WS2_32.dll
0x76450000 - 0x76456000 	C:\Windows\syswow64\NSI.dll
0x75190000 - 0x751c2000 	C:\Windows\system32\WINMM.dll
0x77c40000 - 0x77c45000 	C:\Windows\syswow64\PSAPI.DLL
0x751e0000 - 0x751ec000 	C:\Program Files (x86)\Java\jdk1.7.0_45\jre\bin\verify.dll
0x75070000 - 0x75090000 	C:\Program Files (x86)\Java\jdk1.7.0_45\jre\bin\java.dll
0x75050000 - 0x75063000 	C:\Program Files (x86)\Java\jdk1.7.0_45\jre\bin\zip.dll
0x74e10000 - 0x74f53000 	C:\Program Files (x86)\Java\jdk1.7.0_45\jre\bin\awt.dll
0x77610000 - 0x7769f000 	C:\Windows\syswow64\OLEAUT32.dll
0x76460000 - 0x765bc000 	C:\Windows\syswow64\ole32.dll
0x769c0000 - 0x7760a000 	C:\Windows\syswow64\SHELL32.dll
0x74c50000 - 0x74c63000 	C:\Windows\system32\DWMAPI.DLL
0x74a70000 - 0x74aa8000 	C:\Program Files (x86)\Java\jdk1.7.0_45\jre\bin\fontmanager.dll
0x724f0000 - 0x726b3000 	C:\Windows\system32\d3d9.dll
0x74210000 - 0x74219000 	C:\Windows\system32\VERSION.dll
0x72750000 - 0x72756000 	C:\Windows\system32\d3d8thk.dll
0x71210000 - 0x7124a000 	C:\Windows\system32\vm3dum.dll
0x74450000 - 0x744d4000 	C:\Windows\WinSxS\x86_microsoft.windows.common-controls_6595b64144ccf1df_5.82.7601.17514_none_ec83dffa859149af\comctl32.dll
0x75030000 - 0x75044000 	C:\Program Files (x86)\Java\jdk1.7.0_45\jre\bin\net.dll
0x74ff0000 - 0x7502c000 	C:\Windows\system32\mswsock.dll
0x74fe0000 - 0x74fe6000 	C:\Windows\System32\wship6.dll
0x74fd0000 - 0x74fdf000 	C:\Program Files (x86)\Java\jdk1.7.0_45\jre\bin\nio.dll
0x74a40000 - 0x74a70000 	C:\Program Files (x86)\Java\jdk1.7.0_45\jre\bin\t2k.dll
0x759d0000 - 0x75b6d000 	C:\Windows\syswow64\SETUPAPI.dll
0x76310000 - 0x76337000 	C:\Windows\syswow64\CFGMGR32.dll
0x759b0000 - 0x759c2000 	C:\Windows\syswow64\DEVOBJ.dll
0x758b0000 - 0x75933000 	C:\Windows\syswow64\CLBCatQ.DLL
0x73d90000 - 0x73e85000 	C:\Windows\system32\propsys.dll
0x73510000 - 0x73531000 	C:\Windows\system32\ntmarta.dll
0x777d0000 - 0x77815000 	C:\Windows\syswow64\WLDAP32.dll
0x74400000 - 0x7444c000 	C:\Windows\system32\apphelp.dll
0x721a0000 - 0x72338000 	C:\Windows\system32\NetworkExplorer.dll
0x734b0000 - 0x734de000 	C:\Windows\System32\shdocvw.dll
0x74d80000 - 0x74d8b000 	C:\Windows\system32\profapi.dll
0x743e0000 - 0x743ea000 	C:\Windows\system32\slc.dll
0x740d0000 - 0x740e2000 	C:\Windows\system32\MPR.dll
0x743c0000 - 0x743ce000 	C:\Windows\System32\vmhgfs.dll
0x734f0000 - 0x734f8000 	C:\Windows\System32\drprov.dll
0x73480000 - 0x734a9000 	C:\Windows\System32\WINSTA.dll
0x73460000 - 0x73474000 	C:\Windows\System32\ntlanman.dll
0x73440000 - 0x73457000 	C:\Windows\System32\davclnt.dll
0x73500000 - 0x73508000 	C:\Windows\System32\DAVHLPR.dll
0x734e0000 - 0x734ef000 	C:\Windows\system32\wkscli.dll
0x743f0000 - 0x743fb000 	C:\Windows\system32\cscapi.dll
0x73430000 - 0x73439000 	C:\Windows\system32\netutils.dll
0x70d50000 - 0x70f88000 	C:\Windows\system32\wpdshext.dll
0x72350000 - 0x724e0000 	C:\Windows\WinSxS\x86_microsoft.windows.gdiplus_6595b64144ccf1df_1.1.7601.17514_none_72d18a4386696c80\gdiplus.dll
0x733a0000 - 0x73429000 	C:\Windows\system32\PortableDeviceApi.dll
0x76630000 - 0x7665d000 	C:\Windows\syswow64\WINTRUST.dll
0x75f60000 - 0x7607d000 	C:\Windows\syswow64\CRYPT32.dll
0x760e0000 - 0x760ec000 	C:\Windows\syswow64\MSASN1.dll
0x72120000 - 0x7215f000 	C:\Windows\system32\audiodev.dll
0x71eb0000 - 0x72117000 	C:\Windows\system32\WMVCore.DLL
0x72160000 - 0x7219d000 	C:\Windows\system32\WMASF.DLL
0x74380000 - 0x743b1000 	C:\Windows\system32\EhStorShell.dll
0x71e80000 - 0x71ea2000 	C:\Windows\system32\EhStorAPI.dll
0x73390000 - 0x73399000 	C:\Windows\system32\LINKINFO.dll
0x73e90000 - 0x73f8b000 	C:\Windows\system32\WindowsCodecs.dll
0x73d20000 - 0x73d90000 	C:\Windows\system32\ntshrui.dll
0x74a00000 - 0x74a19000 	C:\Windows\system32\srvcli.dll
0x6b0c0000 - 0x6b15f000 	C:\Users\damage\AppData\Local\Temp\sqlitejdbc.dll
0x74220000 - 0x74244000 	C:\Program Files (x86)\Java\jdk1.7.0_45\jre\bin\dcpr.dll
0x71120000 - 0x7120b000 	C:\Windows\system32\dbghelp.dll

VM Arguments:
jvm_args: -Dfile.encoding=UTF-8 
java_command: subbvasalud.views.NewMain
Launcher Type: SUN_STANDARD

Environment Variables:
PATH=C:\Windows\system32;C:\Windows;C:\Windows\System32\Wbem;C:\Windows\System32\WindowsPowerShell\v1.0\;C:\Ruby200-x64\bin
USERNAME=damage
OS=Windows_NT
PROCESSOR_IDENTIFIER=Intel64 Family 6 Model 58 Stepping 9, GenuineIntel



---------------  S Y S T E M  ---------------

OS: Windows 7 , 64 bit Build 7601 Service Pack 1

CPU:total 2 (1 cores per cpu, 1 threads per core) family 6 model 58 stepping 9, cmov, cx8, fxsr, mmx, sse, sse2, sse3, ssse3, sse4.1, sse4.2, popcnt, avx, aes, erms, tsc, tscinvbit, tscinv

Memory: 4k page, physical 4193784k(2891172k free), swap 8385724k(7046588k free)

vm_info: Java HotSpot(TM) Client VM (24.45-b08) for windows-x86 JRE (1.7.0_45-b18), built on Oct  8 2013 06:02:43 by "java_re" with unknown MS VC++:1600

time: Sun Dec 22 13:03:05 2013
elapsed time: 40 seconds

