#
# A fatal error has been detected by the Java Runtime Environment:
#
#  EXCEPTION_ACCESS_VIOLATION (0xc0000005) at pc=0x746511f9, pid=1056, tid=3080
#
# JRE version: Java(TM) SE Runtime Environment (7.0_45-b18) (build 1.7.0_45-b18)
# Java VM: Java HotSpot(TM) Client VM (24.45-b08 mixed mode, sharing windows-x86 )
# Problematic frame:
# V  [jvm.dll+0xc11f9]
#
# Failed to write core dump. Minidumps are not enabled by default on client versions of Windows
#
# If you would like to submit a bug report, please visit:
#   http://bugreport.sun.com/bugreport/crash.jsp
#

---------------  T H R E A D  ---------------

Current thread (0x04adbc00):  JavaThread "AWT-EventQueue-0" [_thread_in_vm, id=3080, stack(0x050e0000,0x05130000)]

siginfo: ExceptionCode=0xc0000005, reading address 0x00000000

Registers:
EAX=0x00000000, EBX=0x04adbc00, ECX=0x00000000, EDX=0x00000000
ESP=0x0512ebf4, EBP=0x0512ec08, ESI=0xffffffff, EDI=0x748a4b88
EIP=0x746511f9, EFLAGS=0x00010246

Top of Stack: (sp=0x0512ebf4)
0x0512ebf4:   0519e908 04adbc00 00000000 87e6da48
0x0512ec04:   fffffffe 0512ec58 6b0c2121 04adbd30
0x0512ec14:   00000000 00000000 242f4950 0512ec20
0x0512ec24:   34545123 0512ec4c 3454f5d0 00000000
0x0512ec34:   00000000 00000000 00000000 0512ec70
0x0512ec44:   025a3207 00000000 3452f258 3452f250
0x0512ec54:   04adbc00 0512ec98 025ab065 04adbd30
0x0512ec64:   0512ecac 00000000 0512ec70 00000000 

Instructions: (pc=0x746511f9)
0x746511d9:   f4 ff 83 c4 08 83 7b 04 00 89 5d f0 c7 45 f4 00
0x746511e9:   00 00 00 74 08 8d 4d f0 e8 ba ab 0c 00 8b 45 0c
0x746511f9:   8b 00 56 57 50 89 45 0c e8 0a 4a f7 ff 83 c4 04
0x74651209:   80 3d 30 01 8d 74 00 8d 70 01 74 0c 6a 00 e8 04 


Register to memory mapping:

EAX=0x00000000 is an unknown value
EBX=0x04adbc00 is a thread
ECX=0x00000000 is an unknown value
EDX=0x00000000 is an unknown value
ESP=0x0512ebf4 is pointing into the stack for thread: 0x04adbc00
EBP=0x0512ec08 is pointing into the stack for thread: 0x04adbc00
ESI=0xffffffff is an unknown value
EDI=0x748a4b88 is an unknown value


Stack: [0x050e0000,0x05130000],  sp=0x0512ebf4,  free space=314k
Native frames: (J=compiled Java code, j=interpreted, Vv=VM code, C=native code)
V  [jvm.dll+0xc11f9]
C  [sqlitejdbc.dll+0x2121]
j  org.sqlite.NativeDB.prepare(Ljava/lang/String;)J+0
j  org.sqlite.DB.prepare(Lorg/sqlite/RS;)V+21
j  org.sqlite.Stmt.executeQuery(Ljava/lang/String;)Ljava/sql/ResultSet;+18
j  subbvasalud.models.Conexion.consultar(Ljava/lang/String;)Ljava/sql/ResultSet;+11
j  subbvasalud.models.Socio.getSociosById(I)Lsubbvasalud/models/Socio;+23
j  subbvasalud.controllers.MainMenuController.mostrarCargas(Ljavax/swing/table/DefaultTableModel;)V+79
j  subbvasalud.views.MainMenu.<init>()V+105
j  subbvasalud.views.MainMenu$20.run()V+4
j  java.awt.event.InvocationEvent.dispatch()V+47
j  java.awt.EventQueue.dispatchEventImpl(Ljava/awt/AWTEvent;Ljava/lang/Object;)V+21
j  java.awt.EventQueue.access$200(Ljava/awt/EventQueue;Ljava/awt/AWTEvent;Ljava/lang/Object;)V+3
j  java.awt.EventQueue$3.run()Ljava/lang/Void;+12
j  java.awt.EventQueue$3.run()Ljava/lang/Object;+1
v  ~StubRoutines::call_stub
V  [jvm.dll+0x13f1fa]
V  [jvm.dll+0x202aee]
V  [jvm.dll+0x13f27d]
V  [jvm.dll+0xfa85a]
C  [java.dll+0x102f]
j  java.security.ProtectionDomain$1.doIntersectionPrivilege(Ljava/security/PrivilegedAction;Ljava/security/AccessControlContext;Ljava/security/AccessControlContext;)Ljava/lang/Object;+28
j  java.awt.EventQueue.dispatchEvent(Ljava/awt/AWTEvent;)V+46
j  java.awt.EventDispatchThread.pumpOneEventForFilters(I)V+245
j  java.awt.EventDispatchThread.pumpEventsForFilter(ILjava/awt/Conditional;Ljava/awt/EventFilter;)V+35
j  java.awt.EventDispatchThread.pumpEventsForHierarchy(ILjava/awt/Conditional;Ljava/awt/Component;)V+11
j  java.awt.EventDispatchThread.pumpEvents(ILjava/awt/Conditional;)V+4
j  java.awt.EventDispatchThread.pumpEvents(Ljava/awt/Conditional;)V+3
j  java.awt.EventDispatchThread.run()V+9
v  ~StubRoutines::call_stub
V  [jvm.dll+0x13f1fa]
V  [jvm.dll+0x202aee]
V  [jvm.dll+0x13f3c5]
V  [jvm.dll+0x13f427]
V  [jvm.dll+0xeb81f]
V  [jvm.dll+0x16042c]
V  [jvm.dll+0x160e67]
V  [jvm.dll+0x1a49f9]
C  [msvcr100.dll+0x5c556]
C  [msvcr100.dll+0x5c600]
C  [kernel32.dll+0x133ca]
C  [ntdll.dll+0x39ed2]
C  [ntdll.dll+0x39ea5]

Java frames: (J=compiled Java code, j=interpreted, Vv=VM code)
j  org.sqlite.NativeDB.prepare(Ljava/lang/String;)J+0
j  org.sqlite.DB.prepare(Lorg/sqlite/RS;)V+21
j  org.sqlite.Stmt.executeQuery(Ljava/lang/String;)Ljava/sql/ResultSet;+18
j  subbvasalud.models.Conexion.consultar(Ljava/lang/String;)Ljava/sql/ResultSet;+11
j  subbvasalud.models.Socio.getSociosById(I)Lsubbvasalud/models/Socio;+23
j  subbvasalud.controllers.MainMenuController.mostrarCargas(Ljavax/swing/table/DefaultTableModel;)V+79
j  subbvasalud.views.MainMenu.<init>()V+105
j  subbvasalud.views.MainMenu$20.run()V+4
j  java.awt.event.InvocationEvent.dispatch()V+47
j  java.awt.EventQueue.dispatchEventImpl(Ljava/awt/AWTEvent;Ljava/lang/Object;)V+21
j  java.awt.EventQueue.access$200(Ljava/awt/EventQueue;Ljava/awt/AWTEvent;Ljava/lang/Object;)V+3
j  java.awt.EventQueue$3.run()Ljava/lang/Void;+12
j  java.awt.EventQueue$3.run()Ljava/lang/Object;+1
v  ~StubRoutines::call_stub
j  java.security.AccessController.doPrivileged(Ljava/security/PrivilegedAction;Ljava/security/AccessControlContext;)Ljava/lang/Object;+0
j  java.security.ProtectionDomain$1.doIntersectionPrivilege(Ljava/security/PrivilegedAction;Ljava/security/AccessControlContext;Ljava/security/AccessControlContext;)Ljava/lang/Object;+28
j  java.awt.EventQueue.dispatchEvent(Ljava/awt/AWTEvent;)V+46
j  java.awt.EventDispatchThread.pumpOneEventForFilters(I)V+245
j  java.awt.EventDispatchThread.pumpEventsForFilter(ILjava/awt/Conditional;Ljava/awt/EventFilter;)V+35
j  java.awt.EventDispatchThread.pumpEventsForHierarchy(ILjava/awt/Conditional;Ljava/awt/Component;)V+11
j  java.awt.EventDispatchThread.pumpEvents(ILjava/awt/Conditional;)V+4
j  java.awt.EventDispatchThread.pumpEvents(Ljava/awt/Conditional;)V+3
j  java.awt.EventDispatchThread.run()V+9
v  ~StubRoutines::call_stub

---------------  P R O C E S S  ---------------

Java Threads: ( => current thread )
  0x04c39400 JavaThread "TimerQueue" daemon [_thread_blocked, id=268, stack(0x04800000,0x04850000)]
  0x04b5dc00 JavaThread "Swing-Shell" daemon [_thread_blocked, id=2172, stack(0x06430000,0x06480000)]
  0x00acbc00 JavaThread "DestroyJavaVM" [_thread_blocked, id=3308, stack(0x00980000,0x009d0000)]
=>0x04adbc00 JavaThread "AWT-EventQueue-0" [_thread_in_vm, id=3080, stack(0x050e0000,0x05130000)]
  0x04ad4400 JavaThread "AWT-Windows" daemon [_thread_in_native, id=2288, stack(0x04fe0000,0x05030000)]
  0x04ad3c00 JavaThread "AWT-Shutdown" [_thread_blocked, id=3220, stack(0x04f70000,0x04fc0000)]
  0x04ad1400 JavaThread "Java2D Disposer" daemon [_thread_blocked, id=600, stack(0x049f0000,0x04a40000)]
  0x0032cc00 JavaThread "Service Thread" daemon [_thread_blocked, id=1508, stack(0x049a0000,0x049f0000)]
  0x00324400 JavaThread "C1 CompilerThread0" daemon [_thread_blocked, id=2028, stack(0x00e70000,0x00ec0000)]
  0x00323000 JavaThread "Attach Listener" daemon [_thread_blocked, id=1828, stack(0x048c0000,0x04910000)]
  0x0031fc00 JavaThread "Signal Dispatcher" daemon [_thread_blocked, id=1368, stack(0x047b0000,0x04800000)]
  0x002b2400 JavaThread "Finalizer" daemon [_thread_blocked, id=500, stack(0x04660000,0x046b0000)]
  0x002b0c00 JavaThread "Reference Handler" daemon [_thread_blocked, id=3820, stack(0x01110000,0x01160000)]

Other Threads:
  0x002af400 VMThread [stack: 0x01080000,0x010d0000] [id=1500]
  0x0033f000 WatcherThread [stack: 0x045a0000,0x045f0000] [id=2016]

VM state:not at safepoint (normal execution)

VM Mutex/Monitor currently owned by a thread: None

Heap
 def new generation   total 4928K, used 1102K [0x24270000, 0x247c0000, 0x297c0000)
  eden space 4416K,  13% used [0x24270000, 0x24303988, 0x246c0000)
  from space 512K, 100% used [0x24740000, 0x247c0000, 0x247c0000)
  to   space 512K,   0% used [0x246c0000, 0x246c0000, 0x24740000)
 tenured generation   total 10944K, used 1060K [0x297c0000, 0x2a270000, 0x34270000)
   the space 10944K,   9% used [0x297c0000, 0x298c9398, 0x298c9400, 0x2a270000)
 compacting perm gen  total 12288K, used 2946K [0x34270000, 0x34e70000, 0x38270000)
   the space 12288K,  23% used [0x34270000, 0x34550a20, 0x34550c00, 0x34e70000)
    ro space 10240K,  44% used [0x38270000, 0x386e7808, 0x386e7a00, 0x38c70000)
    rw space 12288K,  52% used [0x38c70000, 0x392be610, 0x392be800, 0x39870000)

Card table byte_map: [0x009d0000,0x00a80000] byte_map_base: 0x008aec80

Polling page: 0x00190000

Code Cache  [0x025a0000, 0x02690000, 0x045a0000)
 total_blobs=473 nmethods=235 adapters=175 free_code_cache=31833Kb largest_free_block=32597440

Compilation events (10 events):
Event: 1.118 Thread 0x00324400  231             sun.security.provider.MD5::II (31 bytes)
Event: 1.119 Thread 0x00324400 nmethod 231 0x02686588 code [0x02686680, 0x02686720]
Event: 1.120 Thread 0x00324400  232 % !         org.xerial.db.sql.sqlite.SQLiteJDBCLoader::md5sum @ 25 (73 bytes)
Event: 1.120 Thread 0x00324400 nmethod 232% 0x02686788 code [0x02686930, 0x02686d68]
Event: 1.135 Thread 0x00324400  233             sun.security.provider.MD5::implCompress (1508 bytes)
Event: 1.138 Thread 0x00324400 nmethod 233 0x02687288 code [0x026873c0, 0x0268818c]
Event: 1.138 Thread 0x00324400  234             sun.security.provider.ByteArrayAccess::b2iLittle64 (586 bytes)
Event: 1.138 Thread 0x00324400 nmethod 234 0x026886c8 code [0x026887e0, 0x02688af0]
Event: 1.178 Thread 0x00324400  235   !         org.xerial.db.sql.sqlite.SQLiteJDBCLoader::md5sum (73 bytes)
Event: 1.179 Thread 0x00324400 nmethod 235 0x02688d48 code [0x02688ef0, 0x02689434]

GC Heap History (2 events):
Event: 1.078 GC heap before
{Heap before GC invocations=0 (full 0):
 def new generation   total 4928K, used 4416K [0x24270000, 0x247c0000, 0x297c0000)
  eden space 4416K, 100% used [0x24270000, 0x246c0000, 0x246c0000)
  from space 512K,   0% used [0x246c0000, 0x246c0000, 0x24740000)
  to   space 512K,   0% used [0x24740000, 0x24740000, 0x247c0000)
 tenured generation   total 10944K, used 0K [0x297c0000, 0x2a270000, 0x34270000)
   the space 10944K,   0% used [0x297c0000, 0x297c0000, 0x297c0200, 0x2a270000)
 compacting perm gen  total 12288K, used 2703K [0x34270000, 0x34e70000, 0x38270000)
   the space 12288K,  21% used [0x34270000, 0x34513d08, 0x34513e00, 0x34e70000)
    ro space 10240K,  44% used [0x38270000, 0x386e7808, 0x386e7a00, 0x38c70000)
    rw space 12288K,  52% used [0x38c70000, 0x392be610, 0x392be800, 0x39870000)
Event: 1.093 GC heap after
Heap after GC invocations=1 (full 0):
 def new generation   total 4928K, used 512K [0x24270000, 0x247c0000, 0x297c0000)
  eden space 4416K,   0% used [0x24270000, 0x24270000, 0x246c0000)
  from space 512K, 100% used [0x24740000, 0x247c0000, 0x247c0000)
  to   space 512K,   0% used [0x246c0000, 0x246c0000, 0x24740000)
 tenured generation   total 10944K, used 1060K [0x297c0000, 0x2a270000, 0x34270000)
   the space 10944K,   9% used [0x297c0000, 0x298c9398, 0x298c9400, 0x2a270000)
 compacting perm gen  total 12288K, used 2703K [0x34270000, 0x34e70000, 0x38270000)
   the space 12288K,  21% used [0x34270000, 0x34513d08, 0x34513e00, 0x34e70000)
    ro space 10240K,  44% used [0x38270000, 0x386e7808, 0x386e7a00, 0x38c70000)
    rw space 12288K,  52% used [0x38c70000, 0x392be610, 0x392be800, 0x39870000)
}

Deoptimization events (0 events):
No events

Internal exceptions (10 events):
Event: 1.102 Thread 0x04adbc00 Threw 0x2428b3e8 at C:\re\jdk7u45\229\hotspot\src\share\vm\prims\jvm.cpp:1244
Event: 1.102 Thread 0x04adbc00 Threw 0x2428e2b0 at C:\re\jdk7u45\229\hotspot\src\share\vm\prims\jvm.cpp:1244
Event: 1.103 Thread 0x04adbc00 Threw 0x242944c0 at C:\re\jdk7u45\229\hotspot\src\share\vm\prims\jvm.cpp:1244
Event: 1.104 Thread 0x04adbc00 Threw 0x2429a2a0 at C:\re\jdk7u45\229\hotspot\src\share\vm\prims\jvm.cpp:1244
Event: 1.105 Thread 0x04adbc00 Threw 0x2429fe80 at C:\re\jdk7u45\229\hotspot\src\share\vm\prims\jvm.cpp:1244
Event: 1.216 Thread 0x04adbc00 Threw 0x242cd208 at C:\re\jdk7u45\229\hotspot\src\share\vm\prims\jvm.cpp:1244
Event: 1.218 Thread 0x04adbc00 Threw 0x242cfc88 at C:\re\jdk7u45\229\hotspot\src\share\vm\prims\jvm.cpp:1244
Event: 1.218 Thread 0x04adbc00 Threw 0x242d40e8 at C:\re\jdk7u45\229\hotspot\src\share\vm\prims\jvm.cpp:1244
Event: 1.220 Thread 0x04adbc00 Threw 0x242dfcc8 at C:\re\jdk7u45\229\hotspot\src\share\vm\prims\jvm.cpp:1244
Event: 1.225 Thread 0x04adbc00 Threw 0x242ec688 at C:\re\jdk7u45\229\hotspot\src\share\vm\prims\jvm.cpp:1244

Events (10 events):
Event: 1.219 loading class 0x04ad4be8
Event: 1.219 loading class 0x04ad4be8 done
Event: 1.219 loading class 0x04c76308
Event: 1.219 loading class 0x04c76308 done
Event: 1.220 loading class 0x04c3fe00
Event: 1.220 loading class 0x04c3fe00 done
Event: 1.225 loading class 0x0037e148
Event: 1.225 loading class 0x0037e148 done
Event: 1.226 loading class 0x39898dd0
Event: 1.227 loading class 0x39898dd0 done


Dynamic libraries:
0x01170000 - 0x0119f000 	C:\Program Files (x86)\Java\jdk1.7.0_45\bin\java.exe
0x77c70000 - 0x77df0000 	C:\Windows\SysWOW64\ntdll.dll
0x76660000 - 0x76770000 	C:\Windows\syswow64\kernel32.dll
0x77820000 - 0x77866000 	C:\Windows\syswow64\KERNELBASE.dll
0x776a0000 - 0x77740000 	C:\Windows\syswow64\ADVAPI32.dll
0x763a0000 - 0x7644c000 	C:\Windows\syswow64\msvcrt.dll
0x760f0000 - 0x76109000 	C:\Windows\SysWOW64\sechost.dll
0x75c70000 - 0x75d60000 	C:\Windows\syswow64\RPCRT4.dll
0x757d0000 - 0x75830000 	C:\Windows\syswow64\SspiCli.dll
0x757c0000 - 0x757cc000 	C:\Windows\syswow64\CRYPTBASE.dll
0x76780000 - 0x76880000 	C:\Windows\syswow64\USER32.dll
0x77740000 - 0x777d0000 	C:\Windows\syswow64\GDI32.dll
0x75940000 - 0x7594a000 	C:\Windows\syswow64\LPK.dll
0x76110000 - 0x761ad000 	C:\Windows\syswow64\USP10.dll
0x74ab0000 - 0x74c4e000 	C:\Windows\WinSxS\x86_microsoft.windows.common-controls_6595b64144ccf1df_6.0.7601.17514_none_41e6975e2bd6f2b2\COMCTL32.dll
0x75950000 - 0x759a7000 	C:\Windows\syswow64\SHLWAPI.dll
0x76080000 - 0x760e0000 	C:\Windows\system32\IMM32.DLL
0x76240000 - 0x7630c000 	C:\Windows\syswow64\MSCTF.dll
0x750d0000 - 0x7518f000 	C:\Program Files (x86)\Java\jdk1.7.0_45\jre\bin\msvcr100.dll
0x74590000 - 0x74910000 	C:\Program Files (x86)\Java\jdk1.7.0_45\jre\bin\client\jvm.dll
0x751d0000 - 0x751d7000 	C:\Windows\system32\WSOCK32.dll
0x765f0000 - 0x76625000 	C:\Windows\syswow64\WS2_32.dll
0x76450000 - 0x76456000 	C:\Windows\syswow64\NSI.dll
0x75190000 - 0x751c2000 	C:\Windows\system32\WINMM.dll
0x77c40000 - 0x77c45000 	C:\Windows\syswow64\PSAPI.DLL
0x751e0000 - 0x751ec000 	C:\Program Files (x86)\Java\jdk1.7.0_45\jre\bin\verify.dll
0x75070000 - 0x75090000 	C:\Program Files (x86)\Java\jdk1.7.0_45\jre\bin\java.dll
0x75050000 - 0x75063000 	C:\Program Files (x86)\Java\jdk1.7.0_45\jre\bin\zip.dll
0x74e10000 - 0x74f53000 	C:\Program Files (x86)\Java\jdk1.7.0_45\jre\bin\awt.dll
0x77610000 - 0x7769f000 	C:\Windows\syswow64\OLEAUT32.dll
0x76460000 - 0x765bc000 	C:\Windows\syswow64\ole32.dll
0x769c0000 - 0x7760a000 	C:\Windows\syswow64\SHELL32.dll
0x74c50000 - 0x74c63000 	C:\Windows\system32\DWMAPI.DLL
0x74a70000 - 0x74aa8000 	C:\Program Files (x86)\Java\jdk1.7.0_45\jre\bin\fontmanager.dll
0x724f0000 - 0x726b3000 	C:\Windows\system32\d3d9.dll
0x74210000 - 0x74219000 	C:\Windows\system32\VERSION.dll
0x72750000 - 0x72756000 	C:\Windows\system32\d3d8thk.dll
0x71210000 - 0x7124a000 	C:\Windows\system32\vm3dum.dll
0x74450000 - 0x744d4000 	C:\Windows\WinSxS\x86_microsoft.windows.common-controls_6595b64144ccf1df_5.82.7601.17514_none_ec83dffa859149af\comctl32.dll
0x75030000 - 0x75044000 	C:\Program Files (x86)\Java\jdk1.7.0_45\jre\bin\net.dll
0x74ff0000 - 0x7502c000 	C:\Windows\system32\mswsock.dll
0x74fe0000 - 0x74fe6000 	C:\Windows\System32\wship6.dll
0x74fd0000 - 0x74fdf000 	C:\Program Files (x86)\Java\jdk1.7.0_45\jre\bin\nio.dll
0x74a40000 - 0x74a70000 	C:\Program Files (x86)\Java\jdk1.7.0_45\jre\bin\t2k.dll
0x759d0000 - 0x75b6d000 	C:\Windows\syswow64\SETUPAPI.dll
0x76310000 - 0x76337000 	C:\Windows\syswow64\CFGMGR32.dll
0x759b0000 - 0x759c2000 	C:\Windows\syswow64\DEVOBJ.dll
0x758b0000 - 0x75933000 	C:\Windows\syswow64\CLBCatQ.DLL
0x73d90000 - 0x73e85000 	C:\Windows\system32\propsys.dll
0x73510000 - 0x73531000 	C:\Windows\system32\ntmarta.dll
0x777d0000 - 0x77815000 	C:\Windows\syswow64\WLDAP32.dll
0x74400000 - 0x7444c000 	C:\Windows\system32\apphelp.dll
0x721a0000 - 0x72338000 	C:\Windows\system32\NetworkExplorer.dll
0x734b0000 - 0x734de000 	C:\Windows\System32\shdocvw.dll
0x74d80000 - 0x74d8b000 	C:\Windows\system32\profapi.dll
0x743e0000 - 0x743ea000 	C:\Windows\system32\slc.dll
0x740d0000 - 0x740e2000 	C:\Windows\system32\MPR.dll
0x743c0000 - 0x743ce000 	C:\Windows\System32\vmhgfs.dll
0x734f0000 - 0x734f8000 	C:\Windows\System32\drprov.dll
0x73480000 - 0x734a9000 	C:\Windows\System32\WINSTA.dll
0x73460000 - 0x73474000 	C:\Windows\System32\ntlanman.dll
0x73440000 - 0x73457000 	C:\Windows\System32\davclnt.dll
0x73500000 - 0x73508000 	C:\Windows\System32\DAVHLPR.dll
0x734e0000 - 0x734ef000 	C:\Windows\system32\wkscli.dll
0x743f0000 - 0x743fb000 	C:\Windows\system32\cscapi.dll
0x73430000 - 0x73439000 	C:\Windows\system32\netutils.dll
0x70d50000 - 0x70f88000 	C:\Windows\system32\wpdshext.dll
0x72350000 - 0x724e0000 	C:\Windows\WinSxS\x86_microsoft.windows.gdiplus_6595b64144ccf1df_1.1.7601.17514_none_72d18a4386696c80\gdiplus.dll
0x733a0000 - 0x73429000 	C:\Windows\system32\PortableDeviceApi.dll
0x76630000 - 0x7665d000 	C:\Windows\syswow64\WINTRUST.dll
0x75f60000 - 0x7607d000 	C:\Windows\syswow64\CRYPT32.dll
0x760e0000 - 0x760ec000 	C:\Windows\syswow64\MSASN1.dll
0x72120000 - 0x7215f000 	C:\Windows\system32\audiodev.dll
0x71eb0000 - 0x72117000 	C:\Windows\system32\WMVCore.DLL
0x72160000 - 0x7219d000 	C:\Windows\system32\WMASF.DLL
0x74380000 - 0x743b1000 	C:\Windows\system32\EhStorShell.dll
0x71e80000 - 0x71ea2000 	C:\Windows\system32\EhStorAPI.dll
0x73390000 - 0x73399000 	C:\Windows\system32\LINKINFO.dll
0x73e90000 - 0x73f8b000 	C:\Windows\system32\WindowsCodecs.dll
0x73d20000 - 0x73d90000 	C:\Windows\system32\ntshrui.dll
0x74a00000 - 0x74a19000 	C:\Windows\system32\srvcli.dll
0x6b0c0000 - 0x6b15f000 	C:\Users\damage\AppData\Local\Temp\sqlitejdbc.dll
0x71120000 - 0x7120b000 	C:\Windows\system32\dbghelp.dll

VM Arguments:
jvm_args: -Dfile.encoding=UTF-8 
java_command: subbvasalud.views.NewMain
Launcher Type: SUN_STANDARD

Environment Variables:
PATH=C:\Windows\system32;C:\Windows;C:\Windows\System32\Wbem;C:\Windows\System32\WindowsPowerShell\v1.0\;C:\Ruby200-x64\bin
USERNAME=damage
OS=Windows_NT
PROCESSOR_IDENTIFIER=Intel64 Family 6 Model 58 Stepping 9, GenuineIntel



---------------  S Y S T E M  ---------------

OS: Windows 7 , 64 bit Build 7601 Service Pack 1

CPU:total 2 (1 cores per cpu, 1 threads per core) family 6 model 58 stepping 9, cmov, cx8, fxsr, mmx, sse, sse2, sse3, ssse3, sse4.1, sse4.2, popcnt, avx, aes, erms, tsc, tscinvbit, tscinv

Memory: 4k page, physical 4193784k(2876964k free), swap 8385724k(7037524k free)

vm_info: Java HotSpot(TM) Client VM (24.45-b08) for windows-x86 JRE (1.7.0_45-b18), built on Oct  8 2013 06:02:43 by "java_re" with unknown MS VC++:1600

time: Sun Dec 22 13:06:42 2013
elapsed time: 1 seconds

